ARM GAS  C:\Users\amala\AppData\Local\Temp\ccTY3lcE.s 			page 1


   1              		.syntax unified
   2              		.cpu cortex-m4
   3              		.eabi_attribute 27, 1
   4              		.fpu fpv4-sp-d16
   5              		.eabi_attribute 20, 1
   6              		.eabi_attribute 21, 1
   7              		.eabi_attribute 23, 3
   8              		.eabi_attribute 24, 1
   9              		.eabi_attribute 25, 1
  10              		.eabi_attribute 26, 1
  11              		.eabi_attribute 30, 1
  12              		.eabi_attribute 34, 1
  13              		.eabi_attribute 18, 4
  14              		.thumb
  15              		.syntax unified
  16              		.file	"main_cm4.c"
  17              		.text
  18              	.Ltext0:
  19              		.cfi_sections	.debug_frame
  20              		.section	.text.main,"ax",%progbits
  21              		.align	2
  22              		.global	main
  23              		.thumb
  24              		.thumb_func
  25              		.type	main, %function
  26              	main:
  27              	.LFB556:
  28              		.file 1 "main_cm4.c"
   1:main_cm4.c    **** /* ========================================
   2:main_cm4.c    ****  *
   3:main_cm4.c    ****  * Copyright YOUR COMPANY, THE YEAR
   4:main_cm4.c    ****  * All Rights Reserved
   5:main_cm4.c    ****  * UNPUBLISHED, LICENSED SOFTWARE.
   6:main_cm4.c    ****  *
   7:main_cm4.c    ****  * CONFIDENTIAL AND PROPRIETARY INFORMATION
   8:main_cm4.c    ****  * WHICH IS THE PROPERTY OF your company.
   9:main_cm4.c    ****  *
  10:main_cm4.c    ****  * ========================================
  11:main_cm4.c    **** */
  12:main_cm4.c    **** #include "project.h"
  13:main_cm4.c    **** 
  14:main_cm4.c    **** int main(void)
  15:main_cm4.c    **** {
  29              		.loc 1 15 0
  30              		.cfi_startproc
  31              		@ Volatile: function does not return.
  32              		@ args = 0, pretend = 0, frame = 0
  33              		@ frame_needed = 0, uses_anonymous_args = 0
  34              		@ link register save eliminated.
  35              	.LBB4:
  36              	.LBB5:
  37              		.file 2 "Generated_Source\\PSoC6\\pdl\\cmsis/include/cmsis_gcc.h"
   1:Generated_Source\PSoC6\pdl\cmsis/include/cmsis_gcc.h **** /**************************************************************************//**
   2:Generated_Source\PSoC6\pdl\cmsis/include/cmsis_gcc.h ****  * @file     cmsis_gcc.h
   3:Generated_Source\PSoC6\pdl\cmsis/include/cmsis_gcc.h ****  * @brief    CMSIS compiler GCC header file
   4:Generated_Source\PSoC6\pdl\cmsis/include/cmsis_gcc.h ****  * @version  V5.0.3
   5:Generated_Source\PSoC6\pdl\cmsis/include/cmsis_gcc.h ****  * @date     16. January 2018
ARM GAS  C:\Users\amala\AppData\Local\Temp\ccTY3lcE.s 			page 2


   6:Generated_Source\PSoC6\pdl\cmsis/include/cmsis_gcc.h ****  ******************************************************************************/
   7:Generated_Source\PSoC6\pdl\cmsis/include/cmsis_gcc.h **** /*
   8:Generated_Source\PSoC6\pdl\cmsis/include/cmsis_gcc.h ****  * Copyright (c) 2009-2017 ARM Limited. All rights reserved.
   9:Generated_Source\PSoC6\pdl\cmsis/include/cmsis_gcc.h ****  *
  10:Generated_Source\PSoC6\pdl\cmsis/include/cmsis_gcc.h ****  * SPDX-License-Identifier: Apache-2.0
  11:Generated_Source\PSoC6\pdl\cmsis/include/cmsis_gcc.h ****  *
  12:Generated_Source\PSoC6\pdl\cmsis/include/cmsis_gcc.h ****  * Licensed under the Apache License, Version 2.0 (the License); you may
  13:Generated_Source\PSoC6\pdl\cmsis/include/cmsis_gcc.h ****  * not use this file except in compliance with the License.
  14:Generated_Source\PSoC6\pdl\cmsis/include/cmsis_gcc.h ****  * You may obtain a copy of the License at
  15:Generated_Source\PSoC6\pdl\cmsis/include/cmsis_gcc.h ****  *
  16:Generated_Source\PSoC6\pdl\cmsis/include/cmsis_gcc.h ****  * www.apache.org/licenses/LICENSE-2.0
  17:Generated_Source\PSoC6\pdl\cmsis/include/cmsis_gcc.h ****  *
  18:Generated_Source\PSoC6\pdl\cmsis/include/cmsis_gcc.h ****  * Unless required by applicable law or agreed to in writing, software
  19:Generated_Source\PSoC6\pdl\cmsis/include/cmsis_gcc.h ****  * distributed under the License is distributed on an AS IS BASIS, WITHOUT
  20:Generated_Source\PSoC6\pdl\cmsis/include/cmsis_gcc.h ****  * WARRANTIES OR CONDITIONS OF ANY KIND, either express or implied.
  21:Generated_Source\PSoC6\pdl\cmsis/include/cmsis_gcc.h ****  * See the License for the specific language governing permissions and
  22:Generated_Source\PSoC6\pdl\cmsis/include/cmsis_gcc.h ****  * limitations under the License.
  23:Generated_Source\PSoC6\pdl\cmsis/include/cmsis_gcc.h ****  */
  24:Generated_Source\PSoC6\pdl\cmsis/include/cmsis_gcc.h **** 
  25:Generated_Source\PSoC6\pdl\cmsis/include/cmsis_gcc.h **** #ifndef __CMSIS_GCC_H
  26:Generated_Source\PSoC6\pdl\cmsis/include/cmsis_gcc.h **** #define __CMSIS_GCC_H
  27:Generated_Source\PSoC6\pdl\cmsis/include/cmsis_gcc.h **** 
  28:Generated_Source\PSoC6\pdl\cmsis/include/cmsis_gcc.h **** /* ignore some GCC warnings */
  29:Generated_Source\PSoC6\pdl\cmsis/include/cmsis_gcc.h **** #pragma GCC diagnostic push
  30:Generated_Source\PSoC6\pdl\cmsis/include/cmsis_gcc.h **** #pragma GCC diagnostic ignored "-Wsign-conversion"
  31:Generated_Source\PSoC6\pdl\cmsis/include/cmsis_gcc.h **** #pragma GCC diagnostic ignored "-Wconversion"
  32:Generated_Source\PSoC6\pdl\cmsis/include/cmsis_gcc.h **** #pragma GCC diagnostic ignored "-Wunused-parameter"
  33:Generated_Source\PSoC6\pdl\cmsis/include/cmsis_gcc.h **** 
  34:Generated_Source\PSoC6\pdl\cmsis/include/cmsis_gcc.h **** /* Fallback for __has_builtin */
  35:Generated_Source\PSoC6\pdl\cmsis/include/cmsis_gcc.h **** #ifndef __has_builtin
  36:Generated_Source\PSoC6\pdl\cmsis/include/cmsis_gcc.h ****   #define __has_builtin(x) (0)
  37:Generated_Source\PSoC6\pdl\cmsis/include/cmsis_gcc.h **** #endif
  38:Generated_Source\PSoC6\pdl\cmsis/include/cmsis_gcc.h **** 
  39:Generated_Source\PSoC6\pdl\cmsis/include/cmsis_gcc.h **** /* CMSIS compiler specific defines */
  40:Generated_Source\PSoC6\pdl\cmsis/include/cmsis_gcc.h **** #ifndef   __ASM
  41:Generated_Source\PSoC6\pdl\cmsis/include/cmsis_gcc.h ****   #define __ASM                                  __asm
  42:Generated_Source\PSoC6\pdl\cmsis/include/cmsis_gcc.h **** #endif
  43:Generated_Source\PSoC6\pdl\cmsis/include/cmsis_gcc.h **** #ifndef   __INLINE
  44:Generated_Source\PSoC6\pdl\cmsis/include/cmsis_gcc.h ****   #define __INLINE                               inline
  45:Generated_Source\PSoC6\pdl\cmsis/include/cmsis_gcc.h **** #endif
  46:Generated_Source\PSoC6\pdl\cmsis/include/cmsis_gcc.h **** #ifndef   __STATIC_INLINE
  47:Generated_Source\PSoC6\pdl\cmsis/include/cmsis_gcc.h ****   #define __STATIC_INLINE                        static inline
  48:Generated_Source\PSoC6\pdl\cmsis/include/cmsis_gcc.h **** #endif
  49:Generated_Source\PSoC6\pdl\cmsis/include/cmsis_gcc.h **** #ifndef   __STATIC_FORCEINLINE                 
  50:Generated_Source\PSoC6\pdl\cmsis/include/cmsis_gcc.h ****   #define __STATIC_FORCEINLINE                   __attribute__((always_inline)) static inline
  51:Generated_Source\PSoC6\pdl\cmsis/include/cmsis_gcc.h **** #endif                                           
  52:Generated_Source\PSoC6\pdl\cmsis/include/cmsis_gcc.h **** #ifndef   __NO_RETURN
  53:Generated_Source\PSoC6\pdl\cmsis/include/cmsis_gcc.h ****   #define __NO_RETURN                            __attribute__((__noreturn__))
  54:Generated_Source\PSoC6\pdl\cmsis/include/cmsis_gcc.h **** #endif
  55:Generated_Source\PSoC6\pdl\cmsis/include/cmsis_gcc.h **** #ifndef   __USED
  56:Generated_Source\PSoC6\pdl\cmsis/include/cmsis_gcc.h ****   #define __USED                                 __attribute__((used))
  57:Generated_Source\PSoC6\pdl\cmsis/include/cmsis_gcc.h **** #endif
  58:Generated_Source\PSoC6\pdl\cmsis/include/cmsis_gcc.h **** #ifndef   __WEAK
  59:Generated_Source\PSoC6\pdl\cmsis/include/cmsis_gcc.h ****   #define __WEAK                                 __attribute__((weak))
  60:Generated_Source\PSoC6\pdl\cmsis/include/cmsis_gcc.h **** #endif
  61:Generated_Source\PSoC6\pdl\cmsis/include/cmsis_gcc.h **** #ifndef   __PACKED
  62:Generated_Source\PSoC6\pdl\cmsis/include/cmsis_gcc.h ****   #define __PACKED                               __attribute__((packed, aligned(1)))
ARM GAS  C:\Users\amala\AppData\Local\Temp\ccTY3lcE.s 			page 3


  63:Generated_Source\PSoC6\pdl\cmsis/include/cmsis_gcc.h **** #endif
  64:Generated_Source\PSoC6\pdl\cmsis/include/cmsis_gcc.h **** #ifndef   __PACKED_STRUCT
  65:Generated_Source\PSoC6\pdl\cmsis/include/cmsis_gcc.h ****   #define __PACKED_STRUCT                        struct __attribute__((packed, aligned(1)))
  66:Generated_Source\PSoC6\pdl\cmsis/include/cmsis_gcc.h **** #endif
  67:Generated_Source\PSoC6\pdl\cmsis/include/cmsis_gcc.h **** #ifndef   __PACKED_UNION
  68:Generated_Source\PSoC6\pdl\cmsis/include/cmsis_gcc.h ****   #define __PACKED_UNION                         union __attribute__((packed, aligned(1)))
  69:Generated_Source\PSoC6\pdl\cmsis/include/cmsis_gcc.h **** #endif
  70:Generated_Source\PSoC6\pdl\cmsis/include/cmsis_gcc.h **** #ifndef   __UNALIGNED_UINT32        /* deprecated */
  71:Generated_Source\PSoC6\pdl\cmsis/include/cmsis_gcc.h ****   #pragma GCC diagnostic push
  72:Generated_Source\PSoC6\pdl\cmsis/include/cmsis_gcc.h ****   #pragma GCC diagnostic ignored "-Wpacked"
  73:Generated_Source\PSoC6\pdl\cmsis/include/cmsis_gcc.h ****   #pragma GCC diagnostic ignored "-Wattributes"
  74:Generated_Source\PSoC6\pdl\cmsis/include/cmsis_gcc.h ****   struct __attribute__((packed)) T_UINT32 { uint32_t v; };
  75:Generated_Source\PSoC6\pdl\cmsis/include/cmsis_gcc.h ****   #pragma GCC diagnostic pop
  76:Generated_Source\PSoC6\pdl\cmsis/include/cmsis_gcc.h ****   #define __UNALIGNED_UINT32(x)                  (((struct T_UINT32 *)(x))->v)
  77:Generated_Source\PSoC6\pdl\cmsis/include/cmsis_gcc.h **** #endif
  78:Generated_Source\PSoC6\pdl\cmsis/include/cmsis_gcc.h **** #ifndef   __UNALIGNED_UINT16_WRITE
  79:Generated_Source\PSoC6\pdl\cmsis/include/cmsis_gcc.h ****   #pragma GCC diagnostic push
  80:Generated_Source\PSoC6\pdl\cmsis/include/cmsis_gcc.h ****   #pragma GCC diagnostic ignored "-Wpacked"
  81:Generated_Source\PSoC6\pdl\cmsis/include/cmsis_gcc.h ****   #pragma GCC diagnostic ignored "-Wattributes"
  82:Generated_Source\PSoC6\pdl\cmsis/include/cmsis_gcc.h ****   __PACKED_STRUCT T_UINT16_WRITE { uint16_t v; };
  83:Generated_Source\PSoC6\pdl\cmsis/include/cmsis_gcc.h ****   #pragma GCC diagnostic pop
  84:Generated_Source\PSoC6\pdl\cmsis/include/cmsis_gcc.h ****   #define __UNALIGNED_UINT16_WRITE(addr, val)    (void)((((struct T_UINT16_WRITE *)(void *)(addr))-
  85:Generated_Source\PSoC6\pdl\cmsis/include/cmsis_gcc.h **** #endif
  86:Generated_Source\PSoC6\pdl\cmsis/include/cmsis_gcc.h **** #ifndef   __UNALIGNED_UINT16_READ
  87:Generated_Source\PSoC6\pdl\cmsis/include/cmsis_gcc.h ****   #pragma GCC diagnostic push
  88:Generated_Source\PSoC6\pdl\cmsis/include/cmsis_gcc.h ****   #pragma GCC diagnostic ignored "-Wpacked"
  89:Generated_Source\PSoC6\pdl\cmsis/include/cmsis_gcc.h ****   #pragma GCC diagnostic ignored "-Wattributes"
  90:Generated_Source\PSoC6\pdl\cmsis/include/cmsis_gcc.h ****   __PACKED_STRUCT T_UINT16_READ { uint16_t v; };
  91:Generated_Source\PSoC6\pdl\cmsis/include/cmsis_gcc.h ****   #pragma GCC diagnostic pop
  92:Generated_Source\PSoC6\pdl\cmsis/include/cmsis_gcc.h ****   #define __UNALIGNED_UINT16_READ(addr)          (((const struct T_UINT16_READ *)(const void *)(add
  93:Generated_Source\PSoC6\pdl\cmsis/include/cmsis_gcc.h **** #endif
  94:Generated_Source\PSoC6\pdl\cmsis/include/cmsis_gcc.h **** #ifndef   __UNALIGNED_UINT32_WRITE
  95:Generated_Source\PSoC6\pdl\cmsis/include/cmsis_gcc.h ****   #pragma GCC diagnostic push
  96:Generated_Source\PSoC6\pdl\cmsis/include/cmsis_gcc.h ****   #pragma GCC diagnostic ignored "-Wpacked"
  97:Generated_Source\PSoC6\pdl\cmsis/include/cmsis_gcc.h ****   #pragma GCC diagnostic ignored "-Wattributes"
  98:Generated_Source\PSoC6\pdl\cmsis/include/cmsis_gcc.h ****   __PACKED_STRUCT T_UINT32_WRITE { uint32_t v; };
  99:Generated_Source\PSoC6\pdl\cmsis/include/cmsis_gcc.h ****   #pragma GCC diagnostic pop
 100:Generated_Source\PSoC6\pdl\cmsis/include/cmsis_gcc.h ****   #define __UNALIGNED_UINT32_WRITE(addr, val)    (void)((((struct T_UINT32_WRITE *)(void *)(addr))-
 101:Generated_Source\PSoC6\pdl\cmsis/include/cmsis_gcc.h **** #endif
 102:Generated_Source\PSoC6\pdl\cmsis/include/cmsis_gcc.h **** #ifndef   __UNALIGNED_UINT32_READ
 103:Generated_Source\PSoC6\pdl\cmsis/include/cmsis_gcc.h ****   #pragma GCC diagnostic push
 104:Generated_Source\PSoC6\pdl\cmsis/include/cmsis_gcc.h ****   #pragma GCC diagnostic ignored "-Wpacked"
 105:Generated_Source\PSoC6\pdl\cmsis/include/cmsis_gcc.h ****   #pragma GCC diagnostic ignored "-Wattributes"
 106:Generated_Source\PSoC6\pdl\cmsis/include/cmsis_gcc.h ****   __PACKED_STRUCT T_UINT32_READ { uint32_t v; };
 107:Generated_Source\PSoC6\pdl\cmsis/include/cmsis_gcc.h ****   #pragma GCC diagnostic pop
 108:Generated_Source\PSoC6\pdl\cmsis/include/cmsis_gcc.h ****   #define __UNALIGNED_UINT32_READ(addr)          (((const struct T_UINT32_READ *)(const void *)(add
 109:Generated_Source\PSoC6\pdl\cmsis/include/cmsis_gcc.h **** #endif
 110:Generated_Source\PSoC6\pdl\cmsis/include/cmsis_gcc.h **** #ifndef   __ALIGNED
 111:Generated_Source\PSoC6\pdl\cmsis/include/cmsis_gcc.h ****   #define __ALIGNED(x)                           __attribute__((aligned(x)))
 112:Generated_Source\PSoC6\pdl\cmsis/include/cmsis_gcc.h **** #endif
 113:Generated_Source\PSoC6\pdl\cmsis/include/cmsis_gcc.h **** #ifndef   __RESTRICT
 114:Generated_Source\PSoC6\pdl\cmsis/include/cmsis_gcc.h ****   #define __RESTRICT                             __restrict
 115:Generated_Source\PSoC6\pdl\cmsis/include/cmsis_gcc.h **** #endif
 116:Generated_Source\PSoC6\pdl\cmsis/include/cmsis_gcc.h **** 
 117:Generated_Source\PSoC6\pdl\cmsis/include/cmsis_gcc.h **** 
 118:Generated_Source\PSoC6\pdl\cmsis/include/cmsis_gcc.h **** /* ###########################  Core Function Access  ########################### */
 119:Generated_Source\PSoC6\pdl\cmsis/include/cmsis_gcc.h **** /** \ingroup  CMSIS_Core_FunctionInterface
ARM GAS  C:\Users\amala\AppData\Local\Temp\ccTY3lcE.s 			page 4


 120:Generated_Source\PSoC6\pdl\cmsis/include/cmsis_gcc.h ****     \defgroup CMSIS_Core_RegAccFunctions CMSIS Core Register Access Functions
 121:Generated_Source\PSoC6\pdl\cmsis/include/cmsis_gcc.h ****   @{
 122:Generated_Source\PSoC6\pdl\cmsis/include/cmsis_gcc.h ****  */
 123:Generated_Source\PSoC6\pdl\cmsis/include/cmsis_gcc.h **** 
 124:Generated_Source\PSoC6\pdl\cmsis/include/cmsis_gcc.h **** /**
 125:Generated_Source\PSoC6\pdl\cmsis/include/cmsis_gcc.h ****   \brief   Enable IRQ Interrupts
 126:Generated_Source\PSoC6\pdl\cmsis/include/cmsis_gcc.h ****   \details Enables IRQ interrupts by clearing the I-bit in the CPSR.
 127:Generated_Source\PSoC6\pdl\cmsis/include/cmsis_gcc.h ****            Can only be executed in Privileged modes.
 128:Generated_Source\PSoC6\pdl\cmsis/include/cmsis_gcc.h ****  */
 129:Generated_Source\PSoC6\pdl\cmsis/include/cmsis_gcc.h **** __STATIC_FORCEINLINE void __enable_irq(void)
 130:Generated_Source\PSoC6\pdl\cmsis/include/cmsis_gcc.h **** {
 131:Generated_Source\PSoC6\pdl\cmsis/include/cmsis_gcc.h ****   __ASM volatile ("cpsie i" : : : "memory");
  38              		.loc 2 131 0
  39              		.syntax unified
  40              	@ 131 "Generated_Source\PSoC6\pdl\cmsis/include/cmsis_gcc.h" 1
  41 0000 62B6     		cpsie i
  42              	@ 0 "" 2
  43              		.thumb
  44              		.syntax unified
  45              	.L2:
  46 0002 FEE7     		b	.L2
  47              	.LBE5:
  48              	.LBE4:
  49              		.cfi_endproc
  50              	.LFE556:
  51              		.size	main, .-main
  52              		.text
  53              	.Letext0:
  54              		.file 3 "c:\\program files (x86)\\cypress\\psoc creator\\4.4\\psoc creator\\import\\gnu\\arm\\5.4.
  55              		.file 4 "c:\\program files (x86)\\cypress\\psoc creator\\4.4\\psoc creator\\import\\gnu\\arm\\5.4.
  56              		.file 5 "Generated_Source\\PSoC6\\pdl\\drivers/peripheral/device/cy_device.h"
  57              		.file 6 "Generated_Source\\PSoC6\\pdl\\drivers/peripheral/sar/cy_sar.h"
  58              		.file 7 "Generated_Source\\PSoC6\\pdl\\drivers/peripheral/scb/cy_scb_i2c.h"
  59              		.file 8 "Generated_Source\\PSoC6\\pdl\\drivers/peripheral/scb/cy_scb_uart.h"
  60              		.file 9 "Generated_Source\\PSoC6/ADC.h"
  61              		.file 10 "Generated_Source\\PSoC6\\pdl\\cmsis/include/core_cm4.h"
  62              		.file 11 "Generated_Source\\PSoC6/SensorBus.h"
  63              		.file 12 "Generated_Source\\PSoC6/UART.h"
  64              		.section	.debug_info,"",%progbits
  65              	.Ldebug_info0:
  66 0000 AF090000 		.4byte	0x9af
  67 0004 0400     		.2byte	0x4
  68 0006 00000000 		.4byte	.Ldebug_abbrev0
  69 000a 04       		.byte	0x4
  70 000b 01       		.uleb128 0x1
  71 000c BC060000 		.4byte	.LASF189
  72 0010 0C       		.byte	0xc
  73 0011 D00B0000 		.4byte	.LASF190
  74 0015 F3090000 		.4byte	.LASF191
  75 0019 00000000 		.4byte	.Ldebug_ranges0+0
  76 001d 00000000 		.4byte	0
  77 0021 00000000 		.4byte	.Ldebug_line0
  78 0025 02       		.uleb128 0x2
  79 0026 02       		.byte	0x2
  80 0027 05       		.byte	0x5
  81 0028 6F080000 		.4byte	.LASF0
  82 002c 02       		.uleb128 0x2
ARM GAS  C:\Users\amala\AppData\Local\Temp\ccTY3lcE.s 			page 5


  83 002d 01       		.byte	0x1
  84 002e 06       		.byte	0x6
  85 002f E8010000 		.4byte	.LASF1
  86 0033 03       		.uleb128 0x3
  87 0034 A0000000 		.4byte	.LASF3
  88 0038 03       		.byte	0x3
  89 0039 1D       		.byte	0x1d
  90 003a 3E000000 		.4byte	0x3e
  91 003e 02       		.uleb128 0x2
  92 003f 01       		.byte	0x1
  93 0040 08       		.byte	0x8
  94 0041 17080000 		.4byte	.LASF2
  95 0045 03       		.uleb128 0x3
  96 0046 C4030000 		.4byte	.LASF4
  97 004a 03       		.byte	0x3
  98 004b 29       		.byte	0x29
  99 004c 25000000 		.4byte	0x25
 100 0050 03       		.uleb128 0x3
 101 0051 90090000 		.4byte	.LASF5
 102 0055 03       		.byte	0x3
 103 0056 2B       		.byte	0x2b
 104 0057 5B000000 		.4byte	0x5b
 105 005b 02       		.uleb128 0x2
 106 005c 02       		.byte	0x2
 107 005d 07       		.byte	0x7
 108 005e 64030000 		.4byte	.LASF6
 109 0062 03       		.uleb128 0x3
 110 0063 AE090000 		.4byte	.LASF7
 111 0067 03       		.byte	0x3
 112 0068 3F       		.byte	0x3f
 113 0069 6D000000 		.4byte	0x6d
 114 006d 02       		.uleb128 0x2
 115 006e 04       		.byte	0x4
 116 006f 05       		.byte	0x5
 117 0070 AC020000 		.4byte	.LASF8
 118 0074 03       		.uleb128 0x3
 119 0075 9D030000 		.4byte	.LASF9
 120 0079 03       		.byte	0x3
 121 007a 41       		.byte	0x41
 122 007b 7F000000 		.4byte	0x7f
 123 007f 02       		.uleb128 0x2
 124 0080 04       		.byte	0x4
 125 0081 07       		.byte	0x7
 126 0082 86040000 		.4byte	.LASF10
 127 0086 02       		.uleb128 0x2
 128 0087 08       		.byte	0x8
 129 0088 05       		.byte	0x5
 130 0089 DA010000 		.4byte	.LASF11
 131 008d 02       		.uleb128 0x2
 132 008e 08       		.byte	0x8
 133 008f 07       		.byte	0x7
 134 0090 15010000 		.4byte	.LASF12
 135 0094 04       		.uleb128 0x4
 136 0095 04       		.byte	0x4
 137 0096 05       		.byte	0x5
 138 0097 696E7400 		.ascii	"int\000"
 139 009b 02       		.uleb128 0x2
ARM GAS  C:\Users\amala\AppData\Local\Temp\ccTY3lcE.s 			page 6


 140 009c 04       		.byte	0x4
 141 009d 07       		.byte	0x7
 142 009e 3A040000 		.4byte	.LASF13
 143 00a2 03       		.uleb128 0x3
 144 00a3 220B0000 		.4byte	.LASF14
 145 00a7 04       		.byte	0x4
 146 00a8 18       		.byte	0x18
 147 00a9 33000000 		.4byte	0x33
 148 00ad 03       		.uleb128 0x3
 149 00ae BE010000 		.4byte	.LASF15
 150 00b2 04       		.byte	0x4
 151 00b3 20       		.byte	0x20
 152 00b4 45000000 		.4byte	0x45
 153 00b8 03       		.uleb128 0x3
 154 00b9 10030000 		.4byte	.LASF16
 155 00bd 04       		.byte	0x4
 156 00be 24       		.byte	0x24
 157 00bf 50000000 		.4byte	0x50
 158 00c3 03       		.uleb128 0x3
 159 00c4 0F080000 		.4byte	.LASF17
 160 00c8 04       		.byte	0x4
 161 00c9 2C       		.byte	0x2c
 162 00ca 62000000 		.4byte	0x62
 163 00ce 03       		.uleb128 0x3
 164 00cf E80B0000 		.4byte	.LASF18
 165 00d3 04       		.byte	0x4
 166 00d4 30       		.byte	0x30
 167 00d5 74000000 		.4byte	0x74
 168 00d9 02       		.uleb128 0x2
 169 00da 04       		.byte	0x4
 170 00db 07       		.byte	0x7
 171 00dc F0050000 		.4byte	.LASF19
 172 00e0 05       		.uleb128 0x5
 173 00e1 CE000000 		.4byte	0xce
 174 00e5 02       		.uleb128 0x2
 175 00e6 08       		.byte	0x8
 176 00e7 04       		.byte	0x4
 177 00e8 5C090000 		.4byte	.LASF20
 178 00ec 06       		.uleb128 0x6
 179 00ed B8       		.byte	0xb8
 180 00ee 05       		.byte	0x5
 181 00ef 34       		.byte	0x34
 182 00f0 FD040000 		.4byte	0x4fd
 183 00f4 07       		.uleb128 0x7
 184 00f5 DE000000 		.4byte	.LASF21
 185 00f9 05       		.byte	0x5
 186 00fa 37       		.byte	0x37
 187 00fb CE000000 		.4byte	0xce
 188 00ff 00       		.byte	0
 189 0100 07       		.uleb128 0x7
 190 0101 92030000 		.4byte	.LASF22
 191 0105 05       		.byte	0x5
 192 0106 38       		.byte	0x38
 193 0107 CE000000 		.4byte	0xce
 194 010b 04       		.byte	0x4
 195 010c 07       		.uleb128 0x7
 196 010d DE020000 		.4byte	.LASF23
ARM GAS  C:\Users\amala\AppData\Local\Temp\ccTY3lcE.s 			page 7


 197 0111 05       		.byte	0x5
 198 0112 39       		.byte	0x39
 199 0113 CE000000 		.4byte	0xce
 200 0117 08       		.byte	0x8
 201 0118 07       		.uleb128 0x7
 202 0119 E8070000 		.4byte	.LASF24
 203 011d 05       		.byte	0x5
 204 011e 3A       		.byte	0x3a
 205 011f CE000000 		.4byte	0xce
 206 0123 0C       		.byte	0xc
 207 0124 07       		.uleb128 0x7
 208 0125 7B050000 		.4byte	.LASF25
 209 0129 05       		.byte	0x5
 210 012a 3B       		.byte	0x3b
 211 012b CE000000 		.4byte	0xce
 212 012f 10       		.byte	0x10
 213 0130 07       		.uleb128 0x7
 214 0131 66020000 		.4byte	.LASF26
 215 0135 05       		.byte	0x5
 216 0136 3C       		.byte	0x3c
 217 0137 CE000000 		.4byte	0xce
 218 013b 14       		.byte	0x14
 219 013c 07       		.uleb128 0x7
 220 013d 740A0000 		.4byte	.LASF27
 221 0141 05       		.byte	0x5
 222 0142 3D       		.byte	0x3d
 223 0143 CE000000 		.4byte	0xce
 224 0147 18       		.byte	0x18
 225 0148 07       		.uleb128 0x7
 226 0149 7B000000 		.4byte	.LASF28
 227 014d 05       		.byte	0x5
 228 014e 3E       		.byte	0x3e
 229 014f CE000000 		.4byte	0xce
 230 0153 1C       		.byte	0x1c
 231 0154 07       		.uleb128 0x7
 232 0155 AB0B0000 		.4byte	.LASF29
 233 0159 05       		.byte	0x5
 234 015a 3F       		.byte	0x3f
 235 015b CE000000 		.4byte	0xce
 236 015f 20       		.byte	0x20
 237 0160 07       		.uleb128 0x7
 238 0161 BF050000 		.4byte	.LASF30
 239 0165 05       		.byte	0x5
 240 0166 40       		.byte	0x40
 241 0167 CE000000 		.4byte	0xce
 242 016b 24       		.byte	0x24
 243 016c 07       		.uleb128 0x7
 244 016d DB0B0000 		.4byte	.LASF31
 245 0171 05       		.byte	0x5
 246 0172 43       		.byte	0x43
 247 0173 A2000000 		.4byte	0xa2
 248 0177 28       		.byte	0x28
 249 0178 07       		.uleb128 0x7
 250 0179 61000000 		.4byte	.LASF32
 251 017d 05       		.byte	0x5
 252 017e 44       		.byte	0x44
 253 017f A2000000 		.4byte	0xa2
ARM GAS  C:\Users\amala\AppData\Local\Temp\ccTY3lcE.s 			page 8


 254 0183 29       		.byte	0x29
 255 0184 07       		.uleb128 0x7
 256 0185 A10B0000 		.4byte	.LASF33
 257 0189 05       		.byte	0x5
 258 018a 45       		.byte	0x45
 259 018b A2000000 		.4byte	0xa2
 260 018f 2A       		.byte	0x2a
 261 0190 07       		.uleb128 0x7
 262 0191 86060000 		.4byte	.LASF34
 263 0195 05       		.byte	0x5
 264 0196 46       		.byte	0x46
 265 0197 A2000000 		.4byte	0xa2
 266 019b 2B       		.byte	0x2b
 267 019c 07       		.uleb128 0x7
 268 019d 48050000 		.4byte	.LASF35
 269 01a1 05       		.byte	0x5
 270 01a2 47       		.byte	0x47
 271 01a3 A2000000 		.4byte	0xa2
 272 01a7 2C       		.byte	0x2c
 273 01a8 07       		.uleb128 0x7
 274 01a9 B8090000 		.4byte	.LASF36
 275 01ad 05       		.byte	0x5
 276 01ae 48       		.byte	0x48
 277 01af A2000000 		.4byte	0xa2
 278 01b3 2D       		.byte	0x2d
 279 01b4 07       		.uleb128 0x7
 280 01b5 37020000 		.4byte	.LASF37
 281 01b9 05       		.byte	0x5
 282 01ba 49       		.byte	0x49
 283 01bb A2000000 		.4byte	0xa2
 284 01bf 2E       		.byte	0x2e
 285 01c0 07       		.uleb128 0x7
 286 01c1 6F070000 		.4byte	.LASF38
 287 01c5 05       		.byte	0x5
 288 01c6 4A       		.byte	0x4a
 289 01c7 A2000000 		.4byte	0xa2
 290 01cb 2F       		.byte	0x2f
 291 01cc 07       		.uleb128 0x7
 292 01cd 58040000 		.4byte	.LASF39
 293 01d1 05       		.byte	0x5
 294 01d2 4B       		.byte	0x4b
 295 01d3 A2000000 		.4byte	0xa2
 296 01d7 30       		.byte	0x30
 297 01d8 07       		.uleb128 0x7
 298 01d9 C4040000 		.4byte	.LASF40
 299 01dd 05       		.byte	0x5
 300 01de 4E       		.byte	0x4e
 301 01df A2000000 		.4byte	0xa2
 302 01e3 31       		.byte	0x31
 303 01e4 07       		.uleb128 0x7
 304 01e5 92000000 		.4byte	.LASF41
 305 01e9 05       		.byte	0x5
 306 01ea 4F       		.byte	0x4f
 307 01eb A2000000 		.4byte	0xa2
 308 01ef 32       		.byte	0x32
 309 01f0 07       		.uleb128 0x7
 310 01f1 CF040000 		.4byte	.LASF42
ARM GAS  C:\Users\amala\AppData\Local\Temp\ccTY3lcE.s 			page 9


 311 01f5 05       		.byte	0x5
 312 01f6 50       		.byte	0x50
 313 01f7 A2000000 		.4byte	0xa2
 314 01fb 33       		.byte	0x33
 315 01fc 07       		.uleb128 0x7
 316 01fd B6000000 		.4byte	.LASF43
 317 0201 05       		.byte	0x5
 318 0202 51       		.byte	0x51
 319 0203 A2000000 		.4byte	0xa2
 320 0207 34       		.byte	0x34
 321 0208 07       		.uleb128 0x7
 322 0209 670A0000 		.4byte	.LASF44
 323 020d 05       		.byte	0x5
 324 020e 52       		.byte	0x52
 325 020f AD000000 		.4byte	0xad
 326 0213 36       		.byte	0x36
 327 0214 07       		.uleb128 0x7
 328 0215 1F090000 		.4byte	.LASF45
 329 0219 05       		.byte	0x5
 330 021a 53       		.byte	0x53
 331 021b AD000000 		.4byte	0xad
 332 021f 38       		.byte	0x38
 333 0220 07       		.uleb128 0x7
 334 0221 DD0A0000 		.4byte	.LASF46
 335 0225 05       		.byte	0x5
 336 0226 54       		.byte	0x54
 337 0227 AD000000 		.4byte	0xad
 338 022b 3A       		.byte	0x3a
 339 022c 07       		.uleb128 0x7
 340 022d 57020000 		.4byte	.LASF47
 341 0231 05       		.byte	0x5
 342 0232 55       		.byte	0x55
 343 0233 A2000000 		.4byte	0xa2
 344 0237 3C       		.byte	0x3c
 345 0238 07       		.uleb128 0x7
 346 0239 35030000 		.4byte	.LASF48
 347 023d 05       		.byte	0x5
 348 023e 56       		.byte	0x56
 349 023f A2000000 		.4byte	0xa2
 350 0243 3D       		.byte	0x3d
 351 0244 07       		.uleb128 0x7
 352 0245 C50A0000 		.4byte	.LASF49
 353 0249 05       		.byte	0x5
 354 024a 57       		.byte	0x57
 355 024b A2000000 		.4byte	0xa2
 356 024f 3E       		.byte	0x3e
 357 0250 07       		.uleb128 0x7
 358 0251 6F000000 		.4byte	.LASF50
 359 0255 05       		.byte	0x5
 360 0256 58       		.byte	0x58
 361 0257 A2000000 		.4byte	0xa2
 362 025b 3F       		.byte	0x3f
 363 025c 07       		.uleb128 0x7
 364 025d 94060000 		.4byte	.LASF51
 365 0261 05       		.byte	0x5
 366 0262 59       		.byte	0x59
 367 0263 A2000000 		.4byte	0xa2
ARM GAS  C:\Users\amala\AppData\Local\Temp\ccTY3lcE.s 			page 10


 368 0267 40       		.byte	0x40
 369 0268 07       		.uleb128 0x7
 370 0269 A8030000 		.4byte	.LASF52
 371 026d 05       		.byte	0x5
 372 026e 5A       		.byte	0x5a
 373 026f A2000000 		.4byte	0xa2
 374 0273 41       		.byte	0x41
 375 0274 07       		.uleb128 0x7
 376 0275 38060000 		.4byte	.LASF53
 377 0279 05       		.byte	0x5
 378 027a 5B       		.byte	0x5b
 379 027b A2000000 		.4byte	0xa2
 380 027f 42       		.byte	0x42
 381 0280 07       		.uleb128 0x7
 382 0281 72060000 		.4byte	.LASF54
 383 0285 05       		.byte	0x5
 384 0286 5C       		.byte	0x5c
 385 0287 A2000000 		.4byte	0xa2
 386 028b 43       		.byte	0x43
 387 028c 07       		.uleb128 0x7
 388 028d E7020000 		.4byte	.LASF55
 389 0291 05       		.byte	0x5
 390 0292 5D       		.byte	0x5d
 391 0293 A2000000 		.4byte	0xa2
 392 0297 44       		.byte	0x44
 393 0298 07       		.uleb128 0x7
 394 0299 00000000 		.4byte	.LASF56
 395 029d 05       		.byte	0x5
 396 029e 5E       		.byte	0x5e
 397 029f CE000000 		.4byte	0xce
 398 02a3 48       		.byte	0x48
 399 02a4 07       		.uleb128 0x7
 400 02a5 D0020000 		.4byte	.LASF57
 401 02a9 05       		.byte	0x5
 402 02aa 5F       		.byte	0x5f
 403 02ab CE000000 		.4byte	0xce
 404 02af 4C       		.byte	0x4c
 405 02b0 07       		.uleb128 0x7
 406 02b1 F10B0000 		.4byte	.LASF58
 407 02b5 05       		.byte	0x5
 408 02b6 60       		.byte	0x60
 409 02b7 A2000000 		.4byte	0xa2
 410 02bb 50       		.byte	0x50
 411 02bc 07       		.uleb128 0x7
 412 02bd 6F010000 		.4byte	.LASF59
 413 02c1 05       		.byte	0x5
 414 02c2 61       		.byte	0x61
 415 02c3 A2000000 		.4byte	0xa2
 416 02c7 51       		.byte	0x51
 417 02c8 07       		.uleb128 0x7
 418 02c9 070B0000 		.4byte	.LASF60
 419 02cd 05       		.byte	0x5
 420 02ce 62       		.byte	0x62
 421 02cf A2000000 		.4byte	0xa2
 422 02d3 52       		.byte	0x52
 423 02d4 07       		.uleb128 0x7
 424 02d5 C5090000 		.4byte	.LASF61
ARM GAS  C:\Users\amala\AppData\Local\Temp\ccTY3lcE.s 			page 11


 425 02d9 05       		.byte	0x5
 426 02da 63       		.byte	0x63
 427 02db A2000000 		.4byte	0xa2
 428 02df 53       		.byte	0x53
 429 02e0 07       		.uleb128 0x7
 430 02e1 0F090000 		.4byte	.LASF62
 431 02e5 05       		.byte	0x5
 432 02e6 64       		.byte	0x64
 433 02e7 A2000000 		.4byte	0xa2
 434 02eb 54       		.byte	0x54
 435 02ec 07       		.uleb128 0x7
 436 02ed AA010000 		.4byte	.LASF63
 437 02f1 05       		.byte	0x5
 438 02f2 65       		.byte	0x65
 439 02f3 A2000000 		.4byte	0xa2
 440 02f7 55       		.byte	0x55
 441 02f8 07       		.uleb128 0x7
 442 02f9 6D090000 		.4byte	.LASF64
 443 02fd 05       		.byte	0x5
 444 02fe 66       		.byte	0x66
 445 02ff A2000000 		.4byte	0xa2
 446 0303 56       		.byte	0x56
 447 0304 07       		.uleb128 0x7
 448 0305 DB040000 		.4byte	.LASF65
 449 0309 05       		.byte	0x5
 450 030a 67       		.byte	0x67
 451 030b A2000000 		.4byte	0xa2
 452 030f 57       		.byte	0x57
 453 0310 07       		.uleb128 0x7
 454 0311 1C000000 		.4byte	.LASF66
 455 0315 05       		.byte	0x5
 456 0316 68       		.byte	0x68
 457 0317 A2000000 		.4byte	0xa2
 458 031b 58       		.byte	0x58
 459 031c 07       		.uleb128 0x7
 460 031d 25080000 		.4byte	.LASF67
 461 0321 05       		.byte	0x5
 462 0322 69       		.byte	0x69
 463 0323 A2000000 		.4byte	0xa2
 464 0327 59       		.byte	0x59
 465 0328 07       		.uleb128 0x7
 466 0329 F9050000 		.4byte	.LASF68
 467 032d 05       		.byte	0x5
 468 032e 6E       		.byte	0x6e
 469 032f B8000000 		.4byte	0xb8
 470 0333 5A       		.byte	0x5a
 471 0334 07       		.uleb128 0x7
 472 0335 460A0000 		.4byte	.LASF69
 473 0339 05       		.byte	0x5
 474 033a 6F       		.byte	0x6f
 475 033b B8000000 		.4byte	0xb8
 476 033f 5C       		.byte	0x5c
 477 0340 07       		.uleb128 0x7
 478 0341 E8000000 		.4byte	.LASF70
 479 0345 05       		.byte	0x5
 480 0346 70       		.byte	0x70
 481 0347 A2000000 		.4byte	0xa2
ARM GAS  C:\Users\amala\AppData\Local\Temp\ccTY3lcE.s 			page 12


 482 034b 5E       		.byte	0x5e
 483 034c 07       		.uleb128 0x7
 484 034d BA070000 		.4byte	.LASF71
 485 0351 05       		.byte	0x5
 486 0352 71       		.byte	0x71
 487 0353 A2000000 		.4byte	0xa2
 488 0357 5F       		.byte	0x5f
 489 0358 07       		.uleb128 0x7
 490 0359 61060000 		.4byte	.LASF72
 491 035d 05       		.byte	0x5
 492 035e 72       		.byte	0x72
 493 035f A2000000 		.4byte	0xa2
 494 0363 60       		.byte	0x60
 495 0364 07       		.uleb128 0x7
 496 0365 93070000 		.4byte	.LASF73
 497 0369 05       		.byte	0x5
 498 036a 73       		.byte	0x73
 499 036b CE000000 		.4byte	0xce
 500 036f 64       		.byte	0x64
 501 0370 07       		.uleb128 0x7
 502 0371 2C010000 		.4byte	.LASF74
 503 0375 05       		.byte	0x5
 504 0376 76       		.byte	0x76
 505 0377 B8000000 		.4byte	0xb8
 506 037b 68       		.byte	0x68
 507 037c 07       		.uleb128 0x7
 508 037d 74040000 		.4byte	.LASF75
 509 0381 05       		.byte	0x5
 510 0382 77       		.byte	0x77
 511 0383 B8000000 		.4byte	0xb8
 512 0387 6A       		.byte	0x6a
 513 0388 07       		.uleb128 0x7
 514 0389 06050000 		.4byte	.LASF76
 515 038d 05       		.byte	0x5
 516 038e 78       		.byte	0x78
 517 038f B8000000 		.4byte	0xb8
 518 0393 6C       		.byte	0x6c
 519 0394 07       		.uleb128 0x7
 520 0395 2A090000 		.4byte	.LASF77
 521 0399 05       		.byte	0x5
 522 039a 79       		.byte	0x79
 523 039b B8000000 		.4byte	0xb8
 524 039f 6E       		.byte	0x6e
 525 03a0 07       		.uleb128 0x7
 526 03a1 B3080000 		.4byte	.LASF78
 527 03a5 05       		.byte	0x5
 528 03a6 7B       		.byte	0x7b
 529 03a7 A2000000 		.4byte	0xa2
 530 03ab 70       		.byte	0x70
 531 03ac 07       		.uleb128 0x7
 532 03ad F4010000 		.4byte	.LASF79
 533 03b1 05       		.byte	0x5
 534 03b2 7C       		.byte	0x7c
 535 03b3 A2000000 		.4byte	0xa2
 536 03b7 71       		.byte	0x71
 537 03b8 07       		.uleb128 0x7
 538 03b9 DC030000 		.4byte	.LASF80
ARM GAS  C:\Users\amala\AppData\Local\Temp\ccTY3lcE.s 			page 13


 539 03bd 05       		.byte	0x5
 540 03be 7D       		.byte	0x7d
 541 03bf A2000000 		.4byte	0xa2
 542 03c3 72       		.byte	0x72
 543 03c4 07       		.uleb128 0x7
 544 03c5 21060000 		.4byte	.LASF81
 545 03c9 05       		.byte	0x5
 546 03ca 7E       		.byte	0x7e
 547 03cb A2000000 		.4byte	0xa2
 548 03cf 73       		.byte	0x73
 549 03d0 07       		.uleb128 0x7
 550 03d1 52030000 		.4byte	.LASF82
 551 03d5 05       		.byte	0x5
 552 03d6 80       		.byte	0x80
 553 03d7 B8000000 		.4byte	0xb8
 554 03db 74       		.byte	0x74
 555 03dc 07       		.uleb128 0x7
 556 03dd 9B090000 		.4byte	.LASF83
 557 03e1 05       		.byte	0x5
 558 03e2 81       		.byte	0x81
 559 03e3 B8000000 		.4byte	0xb8
 560 03e7 76       		.byte	0x76
 561 03e8 07       		.uleb128 0x7
 562 03e9 20030000 		.4byte	.LASF84
 563 03ed 05       		.byte	0x5
 564 03ee 82       		.byte	0x82
 565 03ef B8000000 		.4byte	0xb8
 566 03f3 78       		.byte	0x78
 567 03f4 07       		.uleb128 0x7
 568 03f5 5A080000 		.4byte	.LASF85
 569 03f9 05       		.byte	0x5
 570 03fa 83       		.byte	0x83
 571 03fb B8000000 		.4byte	0xb8
 572 03ff 7A       		.byte	0x7a
 573 0400 07       		.uleb128 0x7
 574 0401 3F0B0000 		.4byte	.LASF86
 575 0405 05       		.byte	0x5
 576 0406 86       		.byte	0x86
 577 0407 A2000000 		.4byte	0xa2
 578 040b 7C       		.byte	0x7c
 579 040c 07       		.uleb128 0x7
 580 040d 37050000 		.4byte	.LASF87
 581 0411 05       		.byte	0x5
 582 0412 87       		.byte	0x87
 583 0413 A2000000 		.4byte	0xa2
 584 0417 7D       		.byte	0x7d
 585 0418 07       		.uleb128 0x7
 586 0419 30000000 		.4byte	.LASF88
 587 041d 05       		.byte	0x5
 588 041e 88       		.byte	0x88
 589 041f A2000000 		.4byte	0xa2
 590 0423 7E       		.byte	0x7e
 591 0424 07       		.uleb128 0x7
 592 0425 77030000 		.4byte	.LASF89
 593 0429 05       		.byte	0x5
 594 042a 89       		.byte	0x89
 595 042b A2000000 		.4byte	0xa2
ARM GAS  C:\Users\amala\AppData\Local\Temp\ccTY3lcE.s 			page 14


 596 042f 7F       		.byte	0x7f
 597 0430 07       		.uleb128 0x7
 598 0431 11040000 		.4byte	.LASF90
 599 0435 05       		.byte	0x5
 600 0436 8A       		.byte	0x8a
 601 0437 A2000000 		.4byte	0xa2
 602 043b 80       		.byte	0x80
 603 043c 07       		.uleb128 0x7
 604 043d A8050000 		.4byte	.LASF91
 605 0441 05       		.byte	0x5
 606 0442 8D       		.byte	0x8d
 607 0443 CE000000 		.4byte	0xce
 608 0447 84       		.byte	0x84
 609 0448 07       		.uleb128 0x7
 610 0449 C7000000 		.4byte	.LASF92
 611 044d 05       		.byte	0x5
 612 044e 8E       		.byte	0x8e
 613 044f CE000000 		.4byte	0xce
 614 0453 88       		.byte	0x88
 615 0454 07       		.uleb128 0x7
 616 0455 2A0B0000 		.4byte	.LASF93
 617 0459 05       		.byte	0x5
 618 045a 8F       		.byte	0x8f
 619 045b CE000000 		.4byte	0xce
 620 045f 8C       		.byte	0x8c
 621 0460 07       		.uleb128 0x7
 622 0461 25040000 		.4byte	.LASF94
 623 0465 05       		.byte	0x5
 624 0466 90       		.byte	0x90
 625 0467 CE000000 		.4byte	0xce
 626 046b 90       		.byte	0x90
 627 046c 07       		.uleb128 0x7
 628 046d F2030000 		.4byte	.LASF95
 629 0471 05       		.byte	0x5
 630 0472 91       		.byte	0x91
 631 0473 CE000000 		.4byte	0xce
 632 0477 94       		.byte	0x94
 633 0478 07       		.uleb128 0x7
 634 0479 84050000 		.4byte	.LASF96
 635 047d 05       		.byte	0x5
 636 047e 92       		.byte	0x92
 637 047f CE000000 		.4byte	0xce
 638 0483 98       		.byte	0x98
 639 0484 07       		.uleb128 0x7
 640 0485 8C080000 		.4byte	.LASF97
 641 0489 05       		.byte	0x5
 642 048a 93       		.byte	0x93
 643 048b CE000000 		.4byte	0xce
 644 048f 9C       		.byte	0x9c
 645 0490 07       		.uleb128 0x7
 646 0491 46010000 		.4byte	.LASF98
 647 0495 05       		.byte	0x5
 648 0496 94       		.byte	0x94
 649 0497 CE000000 		.4byte	0xce
 650 049b A0       		.byte	0xa0
 651 049c 07       		.uleb128 0x7
 652 049d 42020000 		.4byte	.LASF99
ARM GAS  C:\Users\amala\AppData\Local\Temp\ccTY3lcE.s 			page 15


 653 04a1 05       		.byte	0x5
 654 04a2 95       		.byte	0x95
 655 04a3 B8000000 		.4byte	0xb8
 656 04a7 A4       		.byte	0xa4
 657 04a8 07       		.uleb128 0x7
 658 04a9 F20A0000 		.4byte	.LASF100
 659 04ad 05       		.byte	0x5
 660 04ae 96       		.byte	0x96
 661 04af B8000000 		.4byte	0xb8
 662 04b3 A6       		.byte	0xa6
 663 04b4 07       		.uleb128 0x7
 664 04b5 AE070000 		.4byte	.LASF101
 665 04b9 05       		.byte	0x5
 666 04ba 97       		.byte	0x97
 667 04bb B8000000 		.4byte	0xb8
 668 04bf A8       		.byte	0xa8
 669 04c0 07       		.uleb128 0x7
 670 04c1 E2050000 		.4byte	.LASF102
 671 04c5 05       		.byte	0x5
 672 04c6 98       		.byte	0x98
 673 04c7 B8000000 		.4byte	0xb8
 674 04cb AA       		.byte	0xaa
 675 04cc 07       		.uleb128 0x7
 676 04cd 15050000 		.4byte	.LASF103
 677 04d1 05       		.byte	0x5
 678 04d2 99       		.byte	0x99
 679 04d3 B8000000 		.4byte	0xb8
 680 04d7 AC       		.byte	0xac
 681 04d8 07       		.uleb128 0x7
 682 04d9 84000000 		.4byte	.LASF104
 683 04dd 05       		.byte	0x5
 684 04de 9A       		.byte	0x9a
 685 04df B8000000 		.4byte	0xb8
 686 04e3 AE       		.byte	0xae
 687 04e4 07       		.uleb128 0x7
 688 04e5 4F0A0000 		.4byte	.LASF105
 689 04e9 05       		.byte	0x5
 690 04ea 9D       		.byte	0x9d
 691 04eb B8000000 		.4byte	0xb8
 692 04ef B0       		.byte	0xb0
 693 04f0 07       		.uleb128 0x7
 694 04f1 46080000 		.4byte	.LASF106
 695 04f5 05       		.byte	0x5
 696 04f6 9E       		.byte	0x9e
 697 04f7 CE000000 		.4byte	0xce
 698 04fb B4       		.byte	0xb4
 699 04fc 00       		.byte	0
 700 04fd 03       		.uleb128 0x3
 701 04fe 60050000 		.4byte	.LASF107
 702 0502 05       		.byte	0x5
 703 0503 9F       		.byte	0x9f
 704 0504 EC000000 		.4byte	0xec
 705 0508 02       		.uleb128 0x2
 706 0509 01       		.byte	0x1
 707 050a 08       		.byte	0x8
 708 050b 68090000 		.4byte	.LASF108
 709 050f 02       		.uleb128 0x2
ARM GAS  C:\Users\amala\AppData\Local\Temp\ccTY3lcE.s 			page 16


 710 0510 04       		.byte	0x4
 711 0511 04       		.byte	0x4
 712 0512 7B070000 		.4byte	.LASF109
 713 0516 02       		.uleb128 0x2
 714 0517 08       		.byte	0x8
 715 0518 04       		.byte	0x4
 716 0519 19030000 		.4byte	.LASF110
 717 051d 08       		.uleb128 0x8
 718 051e 04       		.byte	0x4
 719 051f 02       		.uleb128 0x2
 720 0520 01       		.byte	0x1
 721 0521 02       		.byte	0x2
 722 0522 09080000 		.4byte	.LASF111
 723 0526 09       		.uleb128 0x9
 724 0527 01       		.byte	0x1
 725 0528 3E000000 		.4byte	0x3e
 726 052c 06       		.byte	0x6
 727 052d 1304     		.2byte	0x413
 728 052f 4C050000 		.4byte	0x54c
 729 0533 0A       		.uleb128 0xa
 730 0534 70020000 		.4byte	.LASF112
 731 0538 00       		.byte	0
 732 0539 0A       		.uleb128 0xa
 733 053a F0070000 		.4byte	.LASF113
 734 053e 01       		.byte	0x1
 735 053f 0A       		.uleb128 0xa
 736 0540 F8020000 		.4byte	.LASF114
 737 0544 02       		.byte	0x2
 738 0545 0A       		.uleb128 0xa
 739 0546 540B0000 		.4byte	.LASF115
 740 054a 03       		.byte	0x3
 741 054b 00       		.byte	0
 742 054c 0B       		.uleb128 0xb
 743 054d 09020000 		.4byte	.LASF116
 744 0551 06       		.byte	0x6
 745 0552 1804     		.2byte	0x418
 746 0554 26050000 		.4byte	0x526
 747 0558 0C       		.uleb128 0xc
 748 0559 78       		.byte	0x78
 749 055a 06       		.byte	0x6
 750 055b 0205     		.2byte	0x502
 751 055d 25060000 		.4byte	0x625
 752 0561 0D       		.uleb128 0xd
 753 0562 D7030000 		.4byte	.LASF117
 754 0566 06       		.byte	0x6
 755 0567 0405     		.2byte	0x504
 756 0569 CE000000 		.4byte	0xce
 757 056d 00       		.byte	0
 758 056e 0D       		.uleb128 0xd
 759 056f 170B0000 		.4byte	.LASF118
 760 0573 06       		.byte	0x6
 761 0574 0505     		.2byte	0x505
 762 0576 CE000000 		.4byte	0xce
 763 057a 04       		.byte	0x4
 764 057b 0D       		.uleb128 0xd
 765 057c F9040000 		.4byte	.LASF119
 766 0580 06       		.byte	0x6
ARM GAS  C:\Users\amala\AppData\Local\Temp\ccTY3lcE.s 			page 17


 767 0581 0605     		.2byte	0x506
 768 0583 CE000000 		.4byte	0xce
 769 0587 08       		.byte	0x8
 770 0588 0D       		.uleb128 0xd
 771 0589 14060000 		.4byte	.LASF120
 772 058d 06       		.byte	0x6
 773 058e 0705     		.2byte	0x507
 774 0590 CE000000 		.4byte	0xce
 775 0594 0C       		.byte	0xc
 776 0595 0D       		.uleb128 0xd
 777 0596 23050000 		.4byte	.LASF121
 778 059a 06       		.byte	0x6
 779 059b 0805     		.2byte	0x508
 780 059d CE000000 		.4byte	0xce
 781 05a1 10       		.byte	0x10
 782 05a2 0D       		.uleb128 0xd
 783 05a3 D30A0000 		.4byte	.LASF122
 784 05a7 06       		.byte	0x6
 785 05a8 0905     		.2byte	0x509
 786 05aa 4C050000 		.4byte	0x54c
 787 05ae 14       		.byte	0x14
 788 05af 0D       		.uleb128 0xd
 789 05b0 E1070000 		.4byte	.LASF123
 790 05b4 06       		.byte	0x6
 791 05b5 0A05     		.2byte	0x50a
 792 05b7 CE000000 		.4byte	0xce
 793 05bb 18       		.byte	0x18
 794 05bc 0D       		.uleb128 0xd
 795 05bd 70050000 		.4byte	.LASF124
 796 05c1 06       		.byte	0x6
 797 05c2 0B05     		.2byte	0x50b
 798 05c4 25060000 		.4byte	0x625
 799 05c8 1C       		.byte	0x1c
 800 05c9 0D       		.uleb128 0xd
 801 05ca 83080000 		.4byte	.LASF125
 802 05ce 06       		.byte	0x6
 803 05cf 0C05     		.2byte	0x50c
 804 05d1 CE000000 		.4byte	0xce
 805 05d5 5C       		.byte	0x5c
 806 05d6 0D       		.uleb128 0xd
 807 05d7 F7000000 		.4byte	.LASF126
 808 05db 06       		.byte	0x6
 809 05dc 0D05     		.2byte	0x50d
 810 05de CE000000 		.4byte	0xce
 811 05e2 60       		.byte	0x60
 812 05e3 0D       		.uleb128 0xd
 813 05e4 AE060000 		.4byte	.LASF127
 814 05e8 06       		.byte	0x6
 815 05e9 0E05     		.2byte	0x50e
 816 05eb CE000000 		.4byte	0xce
 817 05ef 64       		.byte	0x64
 818 05f0 0D       		.uleb128 0xd
 819 05f1 79080000 		.4byte	.LASF128
 820 05f5 06       		.byte	0x6
 821 05f6 0F05     		.2byte	0x50f
 822 05f8 CE000000 		.4byte	0xce
 823 05fc 68       		.byte	0x68
ARM GAS  C:\Users\amala\AppData\Local\Temp\ccTY3lcE.s 			page 18


 824 05fd 0D       		.uleb128 0xd
 825 05fe 910B0000 		.4byte	.LASF129
 826 0602 06       		.byte	0x6
 827 0603 1005     		.2byte	0x510
 828 0605 CE000000 		.4byte	0xce
 829 0609 6C       		.byte	0x6c
 830 060a 0D       		.uleb128 0xd
 831 060b 44060000 		.4byte	.LASF130
 832 060f 06       		.byte	0x6
 833 0610 1105     		.2byte	0x511
 834 0612 1F050000 		.4byte	0x51f
 835 0616 70       		.byte	0x70
 836 0617 0D       		.uleb128 0xd
 837 0618 50090000 		.4byte	.LASF131
 838 061c 06       		.byte	0x6
 839 061d 1205     		.2byte	0x512
 840 061f CE000000 		.4byte	0xce
 841 0623 74       		.byte	0x74
 842 0624 00       		.byte	0
 843 0625 0E       		.uleb128 0xe
 844 0626 CE000000 		.4byte	0xce
 845 062a 35060000 		.4byte	0x635
 846 062e 0F       		.uleb128 0xf
 847 062f D9000000 		.4byte	0xd9
 848 0633 0F       		.byte	0xf
 849 0634 00       		.byte	0
 850 0635 0B       		.uleb128 0xb
 851 0636 C6010000 		.4byte	.LASF132
 852 063a 06       		.byte	0x6
 853 063b 1305     		.2byte	0x513
 854 063d 58050000 		.4byte	0x558
 855 0641 09       		.uleb128 0x9
 856 0642 01       		.byte	0x1
 857 0643 3E000000 		.4byte	0x3e
 858 0647 07       		.byte	0x7
 859 0648 2402     		.2byte	0x224
 860 064a 5B060000 		.4byte	0x65b
 861 064e 0A       		.uleb128 0xa
 862 064f 52060000 		.4byte	.LASF133
 863 0653 00       		.byte	0
 864 0654 0A       		.uleb128 0xa
 865 0655 C1020000 		.4byte	.LASF134
 866 0659 01       		.byte	0x1
 867 065a 00       		.byte	0
 868 065b 0B       		.uleb128 0xb
 869 065c CA050000 		.4byte	.LASF135
 870 0660 07       		.byte	0x7
 871 0661 2702     		.2byte	0x227
 872 0663 41060000 		.4byte	0x641
 873 0667 0B       		.uleb128 0xb
 874 0668 8E020000 		.4byte	.LASF136
 875 066c 07       		.byte	0x7
 876 066d 3902     		.2byte	0x239
 877 066f 73060000 		.4byte	0x673
 878 0673 10       		.uleb128 0x10
 879 0674 04       		.byte	0x4
 880 0675 79060000 		.4byte	0x679
ARM GAS  C:\Users\amala\AppData\Local\Temp\ccTY3lcE.s 			page 19


 881 0679 11       		.uleb128 0x11
 882 067a 84060000 		.4byte	0x684
 883 067e 12       		.uleb128 0x12
 884 067f CE000000 		.4byte	0xce
 885 0683 00       		.byte	0
 886 0684 0B       		.uleb128 0xb
 887 0685 D3080000 		.4byte	.LASF137
 888 0689 07       		.byte	0x7
 889 068a 4402     		.2byte	0x244
 890 068c 90060000 		.4byte	0x690
 891 0690 10       		.uleb128 0x10
 892 0691 04       		.byte	0x4
 893 0692 96060000 		.4byte	0x696
 894 0696 13       		.uleb128 0x13
 895 0697 5B060000 		.4byte	0x65b
 896 069b A5060000 		.4byte	0x6a5
 897 069f 12       		.uleb128 0x12
 898 06a0 CE000000 		.4byte	0xce
 899 06a4 00       		.byte	0
 900 06a5 14       		.uleb128 0x14
 901 06a6 93010000 		.4byte	.LASF161
 902 06aa 4C       		.byte	0x4c
 903 06ab 07       		.byte	0x7
 904 06ac C302     		.2byte	0x2c3
 905 06ae C4070000 		.4byte	0x7c4
 906 06b2 0D       		.uleb128 0xd
 907 06b3 5D0A0000 		.4byte	.LASF138
 908 06b7 07       		.byte	0x7
 909 06b8 C602     		.2byte	0x2c6
 910 06ba 1F050000 		.4byte	0x51f
 911 06be 00       		.byte	0
 912 06bf 0D       		.uleb128 0xd
 913 06c0 EF040000 		.4byte	.LASF139
 914 06c4 07       		.byte	0x7
 915 06c5 C702     		.2byte	0x2c7
 916 06c7 1F050000 		.4byte	0x51f
 917 06cb 01       		.byte	0x1
 918 06cc 0D       		.uleb128 0xd
 919 06cd 88020000 		.4byte	.LASF140
 920 06d1 07       		.byte	0x7
 921 06d2 C902     		.2byte	0x2c9
 922 06d4 E0000000 		.4byte	0xe0
 923 06d8 04       		.byte	0x4
 924 06d9 0D       		.uleb128 0xd
 925 06da 5C010000 		.4byte	.LASF141
 926 06de 07       		.byte	0x7
 927 06df CB02     		.2byte	0x2cb
 928 06e1 E0000000 		.4byte	0xe0
 929 06e5 08       		.byte	0x8
 930 06e6 0D       		.uleb128 0xd
 931 06e7 C7080000 		.4byte	.LASF142
 932 06eb 07       		.byte	0x7
 933 06ec CC02     		.2byte	0x2cc
 934 06ee 1F050000 		.4byte	0x51f
 935 06f2 0C       		.byte	0xc
 936 06f3 0D       		.uleb128 0xd
 937 06f4 B5020000 		.4byte	.LASF143
ARM GAS  C:\Users\amala\AppData\Local\Temp\ccTY3lcE.s 			page 20


 938 06f8 07       		.byte	0x7
 939 06f9 CD02     		.2byte	0x2cd
 940 06fb 1F050000 		.4byte	0x51f
 941 06ff 0D       		.byte	0xd
 942 0700 0D       		.uleb128 0xd
 943 0701 54000000 		.4byte	.LASF144
 944 0705 07       		.byte	0x7
 945 0706 CF02     		.2byte	0x2cf
 946 0708 C4070000 		.4byte	0x7c4
 947 070c 10       		.byte	0x10
 948 070d 0D       		.uleb128 0xd
 949 070e A2080000 		.4byte	.LASF145
 950 0712 07       		.byte	0x7
 951 0713 D002     		.2byte	0x2d0
 952 0715 CE000000 		.4byte	0xce
 953 0719 14       		.byte	0x14
 954 071a 0D       		.uleb128 0xd
 955 071b 04060000 		.4byte	.LASF146
 956 071f 07       		.byte	0x7
 957 0720 D102     		.2byte	0x2d1
 958 0722 E0000000 		.4byte	0xe0
 959 0726 18       		.byte	0x18
 960 0727 0D       		.uleb128 0xd
 961 0728 EF080000 		.4byte	.LASF147
 962 072c 07       		.byte	0x7
 963 072d D202     		.2byte	0x2d2
 964 072f E0000000 		.4byte	0xe0
 965 0733 1C       		.byte	0x1c
 966 0734 0D       		.uleb128 0xd
 967 0735 AA000000 		.4byte	.LASF148
 968 0739 07       		.byte	0x7
 969 073a D402     		.2byte	0x2d4
 970 073c E0000000 		.4byte	0xe0
 971 0740 20       		.byte	0x20
 972 0741 0D       		.uleb128 0xd
 973 0742 64040000 		.4byte	.LASF149
 974 0746 07       		.byte	0x7
 975 0747 D502     		.2byte	0x2d5
 976 0749 CA070000 		.4byte	0x7ca
 977 074d 24       		.byte	0x24
 978 074e 0D       		.uleb128 0xd
 979 074f 8B0A0000 		.4byte	.LASF150
 980 0753 07       		.byte	0x7
 981 0754 D702     		.2byte	0x2d7
 982 0756 C4070000 		.4byte	0x7c4
 983 075a 28       		.byte	0x28
 984 075b 0D       		.uleb128 0xd
 985 075c 990A0000 		.4byte	.LASF151
 986 0760 07       		.byte	0x7
 987 0761 D802     		.2byte	0x2d8
 988 0763 CE000000 		.4byte	0xce
 989 0767 2C       		.byte	0x2c
 990 0768 0D       		.uleb128 0xd
 991 0769 47040000 		.4byte	.LASF152
 992 076d 07       		.byte	0x7
 993 076e D902     		.2byte	0x2d9
 994 0770 E0000000 		.4byte	0xe0
ARM GAS  C:\Users\amala\AppData\Local\Temp\ccTY3lcE.s 			page 21


 995 0774 30       		.byte	0x30
 996 0775 0D       		.uleb128 0xd
 997 0776 FE080000 		.4byte	.LASF153
 998 077a 07       		.byte	0x7
 999 077b DA02     		.2byte	0x2da
 1000 077d E0000000 		.4byte	0xe0
 1001 0781 34       		.byte	0x34
 1002 0782 0D       		.uleb128 0xd
 1003 0783 9A050000 		.4byte	.LASF154
 1004 0787 07       		.byte	0x7
 1005 0788 DC02     		.2byte	0x2dc
 1006 078a C4070000 		.4byte	0x7c4
 1007 078e 38       		.byte	0x38
 1008 078f 0D       		.uleb128 0xd
 1009 0790 81010000 		.4byte	.LASF155
 1010 0794 07       		.byte	0x7
 1011 0795 DD02     		.2byte	0x2dd
 1012 0797 CE000000 		.4byte	0xce
 1013 079b 3C       		.byte	0x3c
 1014 079c 0D       		.uleb128 0xd
 1015 079d 43000000 		.4byte	.LASF156
 1016 07a1 07       		.byte	0x7
 1017 07a2 DE02     		.2byte	0x2de
 1018 07a4 E0000000 		.4byte	0xe0
 1019 07a8 40       		.byte	0x40
 1020 07a9 0D       		.uleb128 0xd
 1021 07aa 2E050000 		.4byte	.LASF157
 1022 07ae 07       		.byte	0x7
 1023 07af E402     		.2byte	0x2e4
 1024 07b1 67060000 		.4byte	0x667
 1025 07b5 44       		.byte	0x44
 1026 07b6 0D       		.uleb128 0xd
 1027 07b7 8B030000 		.4byte	.LASF158
 1028 07bb 07       		.byte	0x7
 1029 07bc EB02     		.2byte	0x2eb
 1030 07be 84060000 		.4byte	0x684
 1031 07c2 48       		.byte	0x48
 1032 07c3 00       		.byte	0
 1033 07c4 10       		.uleb128 0x10
 1034 07c5 04       		.byte	0x4
 1035 07c6 A2000000 		.4byte	0xa2
 1036 07ca 05       		.uleb128 0x5
 1037 07cb 1F050000 		.4byte	0x51f
 1038 07cf 0B       		.uleb128 0xb
 1039 07d0 37090000 		.4byte	.LASF159
 1040 07d4 07       		.byte	0x7
 1041 07d5 EE02     		.2byte	0x2ee
 1042 07d7 A5060000 		.4byte	0x6a5
 1043 07db 0B       		.uleb128 0xb
 1044 07dc 98040000 		.4byte	.LASF160
 1045 07e0 08       		.byte	0x8
 1046 07e1 D901     		.2byte	0x1d9
 1047 07e3 73060000 		.4byte	0x673
 1048 07e7 14       		.uleb128 0x14
 1049 07e8 B80B0000 		.4byte	.LASF162
 1050 07ec 38       		.byte	0x38
 1051 07ed 08       		.byte	0x8
ARM GAS  C:\Users\amala\AppData\Local\Temp\ccTY3lcE.s 			page 22


 1052 07ee 7502     		.2byte	0x275
 1053 07f0 AB080000 		.4byte	0x8ab
 1054 07f4 0D       		.uleb128 0xd
 1055 07f5 880B0000 		.4byte	.LASF163
 1056 07f9 08       		.byte	0x8
 1057 07fa 7802     		.2byte	0x278
 1058 07fc E0000000 		.4byte	0xe0
 1059 0800 00       		.byte	0
 1060 0801 0D       		.uleb128 0xd
 1061 0802 7D060000 		.4byte	.LASF164
 1062 0806 08       		.byte	0x8
 1063 0807 7902     		.2byte	0x279
 1064 0809 E0000000 		.4byte	0xe0
 1065 080d 04       		.byte	0x4
 1066 080e 0D       		.uleb128 0xd
 1067 080f 3C010000 		.4byte	.LASF165
 1068 0813 08       		.byte	0x8
 1069 0814 7B02     		.2byte	0x27b
 1070 0816 1D050000 		.4byte	0x51d
 1071 081a 08       		.byte	0x8
 1072 081b 0D       		.uleb128 0xd
 1073 081c E5090000 		.4byte	.LASF166
 1074 0820 08       		.byte	0x8
 1075 0821 7C02     		.2byte	0x27c
 1076 0823 CE000000 		.4byte	0xce
 1077 0827 0C       		.byte	0xc
 1078 0828 0D       		.uleb128 0xd
 1079 0829 D7090000 		.4byte	.LASF167
 1080 082d 08       		.byte	0x8
 1081 082e 7D02     		.2byte	0x27d
 1082 0830 E0000000 		.4byte	0xe0
 1083 0834 10       		.byte	0x10
 1084 0835 0D       		.uleb128 0xd
 1085 0836 6E0B0000 		.4byte	.LASF168
 1086 083a 08       		.byte	0x8
 1087 083b 7E02     		.2byte	0x27e
 1088 083d E0000000 		.4byte	0xe0
 1089 0841 14       		.byte	0x14
 1090 0842 0D       		.uleb128 0xd
 1091 0843 850A0000 		.4byte	.LASF169
 1092 0847 08       		.byte	0x8
 1093 0848 8002     		.2byte	0x280
 1094 084a 1D050000 		.4byte	0x51d
 1095 084e 18       		.byte	0x18
 1096 084f 0D       		.uleb128 0xd
 1097 0850 12000000 		.4byte	.LASF170
 1098 0854 08       		.byte	0x8
 1099 0855 8102     		.2byte	0x281
 1100 0857 CE000000 		.4byte	0xce
 1101 085b 1C       		.byte	0x1c
 1102 085c 0D       		.uleb128 0xd
 1103 085d CE030000 		.4byte	.LASF171
 1104 0861 08       		.byte	0x8
 1105 0862 8202     		.2byte	0x282
 1106 0864 E0000000 		.4byte	0xe0
 1107 0868 20       		.byte	0x20
 1108 0869 0D       		.uleb128 0xd
ARM GAS  C:\Users\amala\AppData\Local\Temp\ccTY3lcE.s 			page 23


 1109 086a 69010000 		.4byte	.LASF172
 1110 086e 08       		.byte	0x8
 1111 086f 8402     		.2byte	0x284
 1112 0871 1D050000 		.4byte	0x51d
 1113 0875 24       		.byte	0x24
 1114 0876 0D       		.uleb128 0xd
 1115 0877 07040000 		.4byte	.LASF173
 1116 087b 08       		.byte	0x8
 1117 087c 8502     		.2byte	0x285
 1118 087e CE000000 		.4byte	0xce
 1119 0882 28       		.byte	0x28
 1120 0883 0D       		.uleb128 0xd
 1121 0884 D0070000 		.4byte	.LASF174
 1122 0888 08       		.byte	0x8
 1123 0889 8602     		.2byte	0x286
 1124 088b E0000000 		.4byte	0xe0
 1125 088f 2C       		.byte	0x2c
 1126 0890 0D       		.uleb128 0xd
 1127 0891 2E050000 		.4byte	.LASF157
 1128 0895 08       		.byte	0x8
 1129 0896 8B02     		.2byte	0x28b
 1130 0898 DB070000 		.4byte	0x7db
 1131 089c 30       		.byte	0x30
 1132 089d 0D       		.uleb128 0xd
 1133 089e 7D0A0000 		.4byte	.LASF175
 1134 08a2 08       		.byte	0x8
 1135 08a3 8E02     		.2byte	0x28e
 1136 08a5 CE000000 		.4byte	0xce
 1137 08a9 34       		.byte	0x34
 1138 08aa 00       		.byte	0
 1139 08ab 0B       		.uleb128 0xb
 1140 08ac AB0A0000 		.4byte	.LASF176
 1141 08b0 08       		.byte	0x8
 1142 08b1 9102     		.2byte	0x291
 1143 08b3 E7070000 		.4byte	0x7e7
 1144 08b7 06       		.uleb128 0x6
 1145 08b8 14       		.byte	0x14
 1146 08b9 09       		.byte	0x9
 1147 08ba 3B       		.byte	0x3b
 1148 08bb FC080000 		.4byte	0x8fc
 1149 08bf 07       		.uleb128 0x7
 1150 08c0 7C0B0000 		.4byte	.LASF177
 1151 08c4 09       		.byte	0x9
 1152 08c5 3D       		.byte	0x3d
 1153 08c6 CE000000 		.4byte	0xce
 1154 08ca 00       		.byte	0
 1155 08cb 07       		.uleb128 0x7
 1156 08cc 54050000 		.4byte	.LASF178
 1157 08d0 09       		.byte	0x9
 1158 08d1 3E       		.byte	0x3e
 1159 08d2 CE000000 		.4byte	0xce
 1160 08d6 04       		.byte	0x4
 1161 08d7 07       		.uleb128 0x7
 1162 08d8 B8030000 		.4byte	.LASF179
 1163 08dc 09       		.byte	0x9
 1164 08dd 3F       		.byte	0x3f
 1165 08de FC080000 		.4byte	0x8fc
ARM GAS  C:\Users\amala\AppData\Local\Temp\ccTY3lcE.s 			page 24


 1166 08e2 08       		.byte	0x8
 1167 08e3 07       		.uleb128 0x7
 1168 08e4 3B0A0000 		.4byte	.LASF180
 1169 08e8 09       		.byte	0x9
 1170 08e9 40       		.byte	0x40
 1171 08ea CE000000 		.4byte	0xce
 1172 08ee 0C       		.byte	0xc
 1173 08ef 07       		.uleb128 0x7
 1174 08f0 2C020000 		.4byte	.LASF181
 1175 08f4 09       		.byte	0x9
 1176 08f5 45       		.byte	0x45
 1177 08f6 CE000000 		.4byte	0xce
 1178 08fa 10       		.byte	0x10
 1179 08fb 00       		.byte	0
 1180 08fc 10       		.uleb128 0x10
 1181 08fd 04       		.byte	0x4
 1182 08fe 02090000 		.4byte	0x902
 1183 0902 15       		.uleb128 0x15
 1184 0903 35060000 		.4byte	0x635
 1185 0907 03       		.uleb128 0x3
 1186 0908 40030000 		.4byte	.LASF182
 1187 090c 09       		.byte	0x9
 1188 090d 48       		.byte	0x48
 1189 090e B7080000 		.4byte	0x8b7
 1190 0912 16       		.uleb128 0x16
 1191 0913 A1060000 		.4byte	.LASF192
 1192 0917 02       		.byte	0x2
 1193 0918 81       		.byte	0x81
 1194 0919 03       		.byte	0x3
 1195 091a 17       		.uleb128 0x17
 1196 091b B30B0000 		.4byte	.LASF193
 1197 091f 01       		.byte	0x1
 1198 0920 0E       		.byte	0xe
 1199 0921 94000000 		.4byte	0x94
 1200 0925 00000000 		.4byte	.LFB556
 1201 0929 04000000 		.4byte	.LFE556-.LFB556
 1202 092d 01       		.uleb128 0x1
 1203 092e 9C       		.byte	0x9c
 1204 092f 43090000 		.4byte	0x943
 1205 0933 18       		.uleb128 0x18
 1206 0934 12090000 		.4byte	0x912
 1207 0938 00000000 		.4byte	.LBB4
 1208 093c 04000000 		.4byte	.LBE4-.LBB4
 1209 0940 01       		.byte	0x1
 1210 0941 10       		.byte	0x10
 1211 0942 00       		.byte	0
 1212 0943 19       		.uleb128 0x19
 1213 0944 39080000 		.4byte	.LASF183
 1214 0948 0A       		.byte	0xa
 1215 0949 F907     		.2byte	0x7f9
 1216 094b 4F090000 		.4byte	0x94f
 1217 094f 05       		.uleb128 0x5
 1218 0950 C3000000 		.4byte	0xc3
 1219 0954 1A       		.uleb128 0x1a
 1220 0955 A4070000 		.4byte	.LASF184
 1221 0959 05       		.byte	0x5
 1222 095a A7       		.byte	0xa7
ARM GAS  C:\Users\amala\AppData\Local\Temp\ccTY3lcE.s 			page 25


 1223 095b 5F090000 		.4byte	0x95f
 1224 095f 10       		.uleb128 0x10
 1225 0960 04       		.byte	0x4
 1226 0961 65090000 		.4byte	0x965
 1227 0965 15       		.uleb128 0x15
 1228 0966 FD040000 		.4byte	0x4fd
 1229 096a 1A       		.uleb128 0x1a
 1230 096b 81070000 		.4byte	.LASF185
 1231 096f 0B       		.byte	0xb
 1232 0970 7F       		.byte	0x7f
 1233 0971 CF070000 		.4byte	0x7cf
 1234 0975 1A       		.uleb128 0x1a
 1235 0976 B7040000 		.4byte	.LASF186
 1236 097a 0C       		.byte	0xc
 1237 097b 87       		.byte	0x87
 1238 097c AB080000 		.4byte	0x8ab
 1239 0980 19       		.uleb128 0x19
 1240 0981 03010000 		.4byte	.LASF187
 1241 0985 09       		.byte	0x9
 1242 0986 6001     		.2byte	0x160
 1243 0988 CE000000 		.4byte	0xce
 1244 098c 0E       		.uleb128 0xe
 1245 098d 9C090000 		.4byte	0x99c
 1246 0991 9C090000 		.4byte	0x99c
 1247 0995 0F       		.uleb128 0xf
 1248 0996 D9000000 		.4byte	0xd9
 1249 099a 00       		.byte	0
 1250 099b 00       		.byte	0
 1251 099c 15       		.uleb128 0x15
 1252 099d 07090000 		.4byte	0x907
 1253 09a1 19       		.uleb128 0x19
 1254 09a2 81090000 		.4byte	.LASF188
 1255 09a6 09       		.byte	0x9
 1256 09a7 6401     		.2byte	0x164
 1257 09a9 AD090000 		.4byte	0x9ad
 1258 09ad 15       		.uleb128 0x15
 1259 09ae 8C090000 		.4byte	0x98c
 1260 09b2 00       		.byte	0
 1261              		.section	.debug_abbrev,"",%progbits
 1262              	.Ldebug_abbrev0:
 1263 0000 01       		.uleb128 0x1
 1264 0001 11       		.uleb128 0x11
 1265 0002 01       		.byte	0x1
 1266 0003 25       		.uleb128 0x25
 1267 0004 0E       		.uleb128 0xe
 1268 0005 13       		.uleb128 0x13
 1269 0006 0B       		.uleb128 0xb
 1270 0007 03       		.uleb128 0x3
 1271 0008 0E       		.uleb128 0xe
 1272 0009 1B       		.uleb128 0x1b
 1273 000a 0E       		.uleb128 0xe
 1274 000b 55       		.uleb128 0x55
 1275 000c 17       		.uleb128 0x17
 1276 000d 11       		.uleb128 0x11
 1277 000e 01       		.uleb128 0x1
 1278 000f 10       		.uleb128 0x10
 1279 0010 17       		.uleb128 0x17
ARM GAS  C:\Users\amala\AppData\Local\Temp\ccTY3lcE.s 			page 26


 1280 0011 00       		.byte	0
 1281 0012 00       		.byte	0
 1282 0013 02       		.uleb128 0x2
 1283 0014 24       		.uleb128 0x24
 1284 0015 00       		.byte	0
 1285 0016 0B       		.uleb128 0xb
 1286 0017 0B       		.uleb128 0xb
 1287 0018 3E       		.uleb128 0x3e
 1288 0019 0B       		.uleb128 0xb
 1289 001a 03       		.uleb128 0x3
 1290 001b 0E       		.uleb128 0xe
 1291 001c 00       		.byte	0
 1292 001d 00       		.byte	0
 1293 001e 03       		.uleb128 0x3
 1294 001f 16       		.uleb128 0x16
 1295 0020 00       		.byte	0
 1296 0021 03       		.uleb128 0x3
 1297 0022 0E       		.uleb128 0xe
 1298 0023 3A       		.uleb128 0x3a
 1299 0024 0B       		.uleb128 0xb
 1300 0025 3B       		.uleb128 0x3b
 1301 0026 0B       		.uleb128 0xb
 1302 0027 49       		.uleb128 0x49
 1303 0028 13       		.uleb128 0x13
 1304 0029 00       		.byte	0
 1305 002a 00       		.byte	0
 1306 002b 04       		.uleb128 0x4
 1307 002c 24       		.uleb128 0x24
 1308 002d 00       		.byte	0
 1309 002e 0B       		.uleb128 0xb
 1310 002f 0B       		.uleb128 0xb
 1311 0030 3E       		.uleb128 0x3e
 1312 0031 0B       		.uleb128 0xb
 1313 0032 03       		.uleb128 0x3
 1314 0033 08       		.uleb128 0x8
 1315 0034 00       		.byte	0
 1316 0035 00       		.byte	0
 1317 0036 05       		.uleb128 0x5
 1318 0037 35       		.uleb128 0x35
 1319 0038 00       		.byte	0
 1320 0039 49       		.uleb128 0x49
 1321 003a 13       		.uleb128 0x13
 1322 003b 00       		.byte	0
 1323 003c 00       		.byte	0
 1324 003d 06       		.uleb128 0x6
 1325 003e 13       		.uleb128 0x13
 1326 003f 01       		.byte	0x1
 1327 0040 0B       		.uleb128 0xb
 1328 0041 0B       		.uleb128 0xb
 1329 0042 3A       		.uleb128 0x3a
 1330 0043 0B       		.uleb128 0xb
 1331 0044 3B       		.uleb128 0x3b
 1332 0045 0B       		.uleb128 0xb
 1333 0046 01       		.uleb128 0x1
 1334 0047 13       		.uleb128 0x13
 1335 0048 00       		.byte	0
 1336 0049 00       		.byte	0
ARM GAS  C:\Users\amala\AppData\Local\Temp\ccTY3lcE.s 			page 27


 1337 004a 07       		.uleb128 0x7
 1338 004b 0D       		.uleb128 0xd
 1339 004c 00       		.byte	0
 1340 004d 03       		.uleb128 0x3
 1341 004e 0E       		.uleb128 0xe
 1342 004f 3A       		.uleb128 0x3a
 1343 0050 0B       		.uleb128 0xb
 1344 0051 3B       		.uleb128 0x3b
 1345 0052 0B       		.uleb128 0xb
 1346 0053 49       		.uleb128 0x49
 1347 0054 13       		.uleb128 0x13
 1348 0055 38       		.uleb128 0x38
 1349 0056 0B       		.uleb128 0xb
 1350 0057 00       		.byte	0
 1351 0058 00       		.byte	0
 1352 0059 08       		.uleb128 0x8
 1353 005a 0F       		.uleb128 0xf
 1354 005b 00       		.byte	0
 1355 005c 0B       		.uleb128 0xb
 1356 005d 0B       		.uleb128 0xb
 1357 005e 00       		.byte	0
 1358 005f 00       		.byte	0
 1359 0060 09       		.uleb128 0x9
 1360 0061 04       		.uleb128 0x4
 1361 0062 01       		.byte	0x1
 1362 0063 0B       		.uleb128 0xb
 1363 0064 0B       		.uleb128 0xb
 1364 0065 49       		.uleb128 0x49
 1365 0066 13       		.uleb128 0x13
 1366 0067 3A       		.uleb128 0x3a
 1367 0068 0B       		.uleb128 0xb
 1368 0069 3B       		.uleb128 0x3b
 1369 006a 05       		.uleb128 0x5
 1370 006b 01       		.uleb128 0x1
 1371 006c 13       		.uleb128 0x13
 1372 006d 00       		.byte	0
 1373 006e 00       		.byte	0
 1374 006f 0A       		.uleb128 0xa
 1375 0070 28       		.uleb128 0x28
 1376 0071 00       		.byte	0
 1377 0072 03       		.uleb128 0x3
 1378 0073 0E       		.uleb128 0xe
 1379 0074 1C       		.uleb128 0x1c
 1380 0075 0B       		.uleb128 0xb
 1381 0076 00       		.byte	0
 1382 0077 00       		.byte	0
 1383 0078 0B       		.uleb128 0xb
 1384 0079 16       		.uleb128 0x16
 1385 007a 00       		.byte	0
 1386 007b 03       		.uleb128 0x3
 1387 007c 0E       		.uleb128 0xe
 1388 007d 3A       		.uleb128 0x3a
 1389 007e 0B       		.uleb128 0xb
 1390 007f 3B       		.uleb128 0x3b
 1391 0080 05       		.uleb128 0x5
 1392 0081 49       		.uleb128 0x49
 1393 0082 13       		.uleb128 0x13
ARM GAS  C:\Users\amala\AppData\Local\Temp\ccTY3lcE.s 			page 28


 1394 0083 00       		.byte	0
 1395 0084 00       		.byte	0
 1396 0085 0C       		.uleb128 0xc
 1397 0086 13       		.uleb128 0x13
 1398 0087 01       		.byte	0x1
 1399 0088 0B       		.uleb128 0xb
 1400 0089 0B       		.uleb128 0xb
 1401 008a 3A       		.uleb128 0x3a
 1402 008b 0B       		.uleb128 0xb
 1403 008c 3B       		.uleb128 0x3b
 1404 008d 05       		.uleb128 0x5
 1405 008e 01       		.uleb128 0x1
 1406 008f 13       		.uleb128 0x13
 1407 0090 00       		.byte	0
 1408 0091 00       		.byte	0
 1409 0092 0D       		.uleb128 0xd
 1410 0093 0D       		.uleb128 0xd
 1411 0094 00       		.byte	0
 1412 0095 03       		.uleb128 0x3
 1413 0096 0E       		.uleb128 0xe
 1414 0097 3A       		.uleb128 0x3a
 1415 0098 0B       		.uleb128 0xb
 1416 0099 3B       		.uleb128 0x3b
 1417 009a 05       		.uleb128 0x5
 1418 009b 49       		.uleb128 0x49
 1419 009c 13       		.uleb128 0x13
 1420 009d 38       		.uleb128 0x38
 1421 009e 0B       		.uleb128 0xb
 1422 009f 00       		.byte	0
 1423 00a0 00       		.byte	0
 1424 00a1 0E       		.uleb128 0xe
 1425 00a2 01       		.uleb128 0x1
 1426 00a3 01       		.byte	0x1
 1427 00a4 49       		.uleb128 0x49
 1428 00a5 13       		.uleb128 0x13
 1429 00a6 01       		.uleb128 0x1
 1430 00a7 13       		.uleb128 0x13
 1431 00a8 00       		.byte	0
 1432 00a9 00       		.byte	0
 1433 00aa 0F       		.uleb128 0xf
 1434 00ab 21       		.uleb128 0x21
 1435 00ac 00       		.byte	0
 1436 00ad 49       		.uleb128 0x49
 1437 00ae 13       		.uleb128 0x13
 1438 00af 2F       		.uleb128 0x2f
 1439 00b0 0B       		.uleb128 0xb
 1440 00b1 00       		.byte	0
 1441 00b2 00       		.byte	0
 1442 00b3 10       		.uleb128 0x10
 1443 00b4 0F       		.uleb128 0xf
 1444 00b5 00       		.byte	0
 1445 00b6 0B       		.uleb128 0xb
 1446 00b7 0B       		.uleb128 0xb
 1447 00b8 49       		.uleb128 0x49
 1448 00b9 13       		.uleb128 0x13
 1449 00ba 00       		.byte	0
 1450 00bb 00       		.byte	0
ARM GAS  C:\Users\amala\AppData\Local\Temp\ccTY3lcE.s 			page 29


 1451 00bc 11       		.uleb128 0x11
 1452 00bd 15       		.uleb128 0x15
 1453 00be 01       		.byte	0x1
 1454 00bf 27       		.uleb128 0x27
 1455 00c0 19       		.uleb128 0x19
 1456 00c1 01       		.uleb128 0x1
 1457 00c2 13       		.uleb128 0x13
 1458 00c3 00       		.byte	0
 1459 00c4 00       		.byte	0
 1460 00c5 12       		.uleb128 0x12
 1461 00c6 05       		.uleb128 0x5
 1462 00c7 00       		.byte	0
 1463 00c8 49       		.uleb128 0x49
 1464 00c9 13       		.uleb128 0x13
 1465 00ca 00       		.byte	0
 1466 00cb 00       		.byte	0
 1467 00cc 13       		.uleb128 0x13
 1468 00cd 15       		.uleb128 0x15
 1469 00ce 01       		.byte	0x1
 1470 00cf 27       		.uleb128 0x27
 1471 00d0 19       		.uleb128 0x19
 1472 00d1 49       		.uleb128 0x49
 1473 00d2 13       		.uleb128 0x13
 1474 00d3 01       		.uleb128 0x1
 1475 00d4 13       		.uleb128 0x13
 1476 00d5 00       		.byte	0
 1477 00d6 00       		.byte	0
 1478 00d7 14       		.uleb128 0x14
 1479 00d8 13       		.uleb128 0x13
 1480 00d9 01       		.byte	0x1
 1481 00da 03       		.uleb128 0x3
 1482 00db 0E       		.uleb128 0xe
 1483 00dc 0B       		.uleb128 0xb
 1484 00dd 0B       		.uleb128 0xb
 1485 00de 3A       		.uleb128 0x3a
 1486 00df 0B       		.uleb128 0xb
 1487 00e0 3B       		.uleb128 0x3b
 1488 00e1 05       		.uleb128 0x5
 1489 00e2 01       		.uleb128 0x1
 1490 00e3 13       		.uleb128 0x13
 1491 00e4 00       		.byte	0
 1492 00e5 00       		.byte	0
 1493 00e6 15       		.uleb128 0x15
 1494 00e7 26       		.uleb128 0x26
 1495 00e8 00       		.byte	0
 1496 00e9 49       		.uleb128 0x49
 1497 00ea 13       		.uleb128 0x13
 1498 00eb 00       		.byte	0
 1499 00ec 00       		.byte	0
 1500 00ed 16       		.uleb128 0x16
 1501 00ee 2E       		.uleb128 0x2e
 1502 00ef 00       		.byte	0
 1503 00f0 03       		.uleb128 0x3
 1504 00f1 0E       		.uleb128 0xe
 1505 00f2 3A       		.uleb128 0x3a
 1506 00f3 0B       		.uleb128 0xb
 1507 00f4 3B       		.uleb128 0x3b
ARM GAS  C:\Users\amala\AppData\Local\Temp\ccTY3lcE.s 			page 30


 1508 00f5 0B       		.uleb128 0xb
 1509 00f6 27       		.uleb128 0x27
 1510 00f7 19       		.uleb128 0x19
 1511 00f8 20       		.uleb128 0x20
 1512 00f9 0B       		.uleb128 0xb
 1513 00fa 00       		.byte	0
 1514 00fb 00       		.byte	0
 1515 00fc 17       		.uleb128 0x17
 1516 00fd 2E       		.uleb128 0x2e
 1517 00fe 01       		.byte	0x1
 1518 00ff 3F       		.uleb128 0x3f
 1519 0100 19       		.uleb128 0x19
 1520 0101 03       		.uleb128 0x3
 1521 0102 0E       		.uleb128 0xe
 1522 0103 3A       		.uleb128 0x3a
 1523 0104 0B       		.uleb128 0xb
 1524 0105 3B       		.uleb128 0x3b
 1525 0106 0B       		.uleb128 0xb
 1526 0107 27       		.uleb128 0x27
 1527 0108 19       		.uleb128 0x19
 1528 0109 49       		.uleb128 0x49
 1529 010a 13       		.uleb128 0x13
 1530 010b 8701     		.uleb128 0x87
 1531 010d 19       		.uleb128 0x19
 1532 010e 11       		.uleb128 0x11
 1533 010f 01       		.uleb128 0x1
 1534 0110 12       		.uleb128 0x12
 1535 0111 06       		.uleb128 0x6
 1536 0112 40       		.uleb128 0x40
 1537 0113 18       		.uleb128 0x18
 1538 0114 9742     		.uleb128 0x2117
 1539 0116 19       		.uleb128 0x19
 1540 0117 01       		.uleb128 0x1
 1541 0118 13       		.uleb128 0x13
 1542 0119 00       		.byte	0
 1543 011a 00       		.byte	0
 1544 011b 18       		.uleb128 0x18
 1545 011c 1D       		.uleb128 0x1d
 1546 011d 00       		.byte	0
 1547 011e 31       		.uleb128 0x31
 1548 011f 13       		.uleb128 0x13
 1549 0120 11       		.uleb128 0x11
 1550 0121 01       		.uleb128 0x1
 1551 0122 12       		.uleb128 0x12
 1552 0123 06       		.uleb128 0x6
 1553 0124 58       		.uleb128 0x58
 1554 0125 0B       		.uleb128 0xb
 1555 0126 59       		.uleb128 0x59
 1556 0127 0B       		.uleb128 0xb
 1557 0128 00       		.byte	0
 1558 0129 00       		.byte	0
 1559 012a 19       		.uleb128 0x19
 1560 012b 34       		.uleb128 0x34
 1561 012c 00       		.byte	0
 1562 012d 03       		.uleb128 0x3
 1563 012e 0E       		.uleb128 0xe
 1564 012f 3A       		.uleb128 0x3a
ARM GAS  C:\Users\amala\AppData\Local\Temp\ccTY3lcE.s 			page 31


 1565 0130 0B       		.uleb128 0xb
 1566 0131 3B       		.uleb128 0x3b
 1567 0132 05       		.uleb128 0x5
 1568 0133 49       		.uleb128 0x49
 1569 0134 13       		.uleb128 0x13
 1570 0135 3F       		.uleb128 0x3f
 1571 0136 19       		.uleb128 0x19
 1572 0137 3C       		.uleb128 0x3c
 1573 0138 19       		.uleb128 0x19
 1574 0139 00       		.byte	0
 1575 013a 00       		.byte	0
 1576 013b 1A       		.uleb128 0x1a
 1577 013c 34       		.uleb128 0x34
 1578 013d 00       		.byte	0
 1579 013e 03       		.uleb128 0x3
 1580 013f 0E       		.uleb128 0xe
 1581 0140 3A       		.uleb128 0x3a
 1582 0141 0B       		.uleb128 0xb
 1583 0142 3B       		.uleb128 0x3b
 1584 0143 0B       		.uleb128 0xb
 1585 0144 49       		.uleb128 0x49
 1586 0145 13       		.uleb128 0x13
 1587 0146 3F       		.uleb128 0x3f
 1588 0147 19       		.uleb128 0x19
 1589 0148 3C       		.uleb128 0x3c
 1590 0149 19       		.uleb128 0x19
 1591 014a 00       		.byte	0
 1592 014b 00       		.byte	0
 1593 014c 00       		.byte	0
 1594              		.section	.debug_aranges,"",%progbits
 1595 0000 1C000000 		.4byte	0x1c
 1596 0004 0200     		.2byte	0x2
 1597 0006 00000000 		.4byte	.Ldebug_info0
 1598 000a 04       		.byte	0x4
 1599 000b 00       		.byte	0
 1600 000c 0000     		.2byte	0
 1601 000e 0000     		.2byte	0
 1602 0010 00000000 		.4byte	.LFB556
 1603 0014 04000000 		.4byte	.LFE556-.LFB556
 1604 0018 00000000 		.4byte	0
 1605 001c 00000000 		.4byte	0
 1606              		.section	.debug_ranges,"",%progbits
 1607              	.Ldebug_ranges0:
 1608 0000 00000000 		.4byte	.LFB556
 1609 0004 04000000 		.4byte	.LFE556
 1610 0008 00000000 		.4byte	0
 1611 000c 00000000 		.4byte	0
 1612              		.section	.debug_line,"",%progbits
 1613              	.Ldebug_line0:
 1614 0000 8D020000 		.section	.debug_str,"MS",%progbits,1
 1614      02007202 
 1614      00000201 
 1614      FB0E0D00 
 1614      01010101 
 1615              	.LASF56:
 1616 0000 70726F74 		.ascii	"protBusMasterMask\000"
 1616      4275734D 
ARM GAS  C:\Users\amala\AppData\Local\Temp\ccTY3lcE.s 			page 32


 1616      61737465 
 1616      724D6173 
 1616      6B00
 1617              	.LASF170:
 1618 0012 72784275 		.ascii	"rxBufSize\000"
 1618      6653697A 
 1618      6500
 1619              	.LASF66:
 1620 001c 666C6173 		.ascii	"flashCtlMainWs3Freq\000"
 1620      6843746C 
 1620      4D61696E 
 1620      57733346 
 1620      72657100 
 1621              	.LASF88:
 1622 0030 6770696F 		.ascii	"gpioPrtCfgInOffset\000"
 1622      50727443 
 1622      6667496E 
 1622      4F666673 
 1622      657400
 1623              	.LASF156:
 1624 0043 736C6176 		.ascii	"slaveRxBufferIdx\000"
 1624      65527842 
 1624      75666665 
 1624      72496478 
 1624      00
 1625              	.LASF144:
 1626 0054 6D617374 		.ascii	"masterBuffer\000"
 1626      65724275 
 1626      66666572 
 1626      00
 1627              	.LASF32:
 1628 0061 63727970 		.ascii	"cryptoVersion\000"
 1628      746F5665 
 1628      7273696F 
 1628      6E00
 1629              	.LASF50:
 1630 006f 70657269 		.ascii	"periClockNr\000"
 1630      436C6F63 
 1630      6B4E7200 
 1631              	.LASF28:
 1632 007b 70617373 		.ascii	"passBase\000"
 1632      42617365 
 1632      00
 1633              	.LASF104:
 1634 0084 63707573 		.ascii	"cpussRam2Ctl0\000"
 1634      7352616D 
 1634      3243746C 
 1634      3000
 1635              	.LASF41:
 1636 0092 63707573 		.ascii	"cpussIpcIrqNr\000"
 1636      73497063 
 1636      4972714E 
 1636      7200
 1637              	.LASF3:
 1638 00a0 5F5F7569 		.ascii	"__uint8_t\000"
 1638      6E74385F 
 1638      7400
ARM GAS  C:\Users\amala\AppData\Local\Temp\ccTY3lcE.s 			page 33


 1639              	.LASF148:
 1640 00aa 736C6176 		.ascii	"slaveStatus\000"
 1640      65537461 
 1640      74757300 
 1641              	.LASF43:
 1642 00b6 63707573 		.ascii	"cpussFlashPaSize\000"
 1642      73466C61 
 1642      73685061 
 1642      53697A65 
 1642      00
 1643              	.LASF92:
 1644 00c7 63707573 		.ascii	"cpussCm4ClockCtlOffset\000"
 1644      73436D34 
 1644      436C6F63 
 1644      6B43746C 
 1644      4F666673 
 1645              	.LASF21:
 1646 00de 63707573 		.ascii	"cpussBase\000"
 1646      73426173 
 1646      6500
 1647              	.LASF70:
 1648 00e8 64774368 		.ascii	"dwChCtlPrioPos\000"
 1648      43746C50 
 1648      72696F50 
 1648      6F7300
 1649              	.LASF126:
 1650 00f7 73617449 		.ascii	"satIntrMask\000"
 1650      6E74724D 
 1650      61736B00 
 1651              	.LASF187:
 1652 0103 4144435F 		.ascii	"ADC_currentConfig\000"
 1652      63757272 
 1652      656E7443 
 1652      6F6E6669 
 1652      6700
 1653              	.LASF12:
 1654 0115 6C6F6E67 		.ascii	"long long unsigned int\000"
 1654      206C6F6E 
 1654      6720756E 
 1654      7369676E 
 1654      65642069 
 1655              	.LASF74:
 1656 012c 70657269 		.ascii	"periTrCmdOffset\000"
 1656      5472436D 
 1656      644F6666 
 1656      73657400 
 1657              	.LASF165:
 1658 013c 72785269 		.ascii	"rxRingBuf\000"
 1658      6E674275 
 1658      6600
 1659              	.LASF98:
 1660 0146 63707573 		.ascii	"cpussSysTickCtlOffset\000"
 1660      73537973 
 1660      5469636B 
 1660      43746C4F 
 1660      66667365 
 1661              	.LASF141:
ARM GAS  C:\Users\amala\AppData\Local\Temp\ccTY3lcE.s 			page 34


 1662 015c 6D617374 		.ascii	"masterStatus\000"
 1662      65725374 
 1662      61747573 
 1662      00
 1663              	.LASF172:
 1664 0169 74784275 		.ascii	"txBuf\000"
 1664      6600
 1665              	.LASF59:
 1666 016f 666C6173 		.ascii	"flashPipeRequired\000"
 1666      68506970 
 1666      65526571 
 1666      75697265 
 1666      6400
 1667              	.LASF155:
 1668 0181 736C6176 		.ascii	"slaveRxBufferSize\000"
 1668      65527842 
 1668      75666665 
 1668      7253697A 
 1668      6500
 1669              	.LASF161:
 1670 0193 63795F73 		.ascii	"cy_stc_scb_i2c_context\000"
 1670      74635F73 
 1670      63625F69 
 1670      32635F63 
 1670      6F6E7465 
 1671              	.LASF63:
 1672 01aa 666C6173 		.ascii	"flashCtlMainWs0Freq\000"
 1672      6843746C 
 1672      4D61696E 
 1672      57733046 
 1672      72657100 
 1673              	.LASF15:
 1674 01be 696E7431 		.ascii	"int16_t\000"
 1674      365F7400 
 1675              	.LASF132:
 1676 01c6 63795F73 		.ascii	"cy_stc_sar_config_t\000"
 1676      74635F73 
 1676      61725F63 
 1676      6F6E6669 
 1676      675F7400 
 1677              	.LASF11:
 1678 01da 6C6F6E67 		.ascii	"long long int\000"
 1678      206C6F6E 
 1678      6720696E 
 1678      7400
 1679              	.LASF1:
 1680 01e8 7369676E 		.ascii	"signed char\000"
 1680      65642063 
 1680      68617200 
 1681              	.LASF79:
 1682 01f4 70657269 		.ascii	"periDivCmdTypeSelPos\000"
 1682      44697643 
 1682      6D645479 
 1682      70655365 
 1682      6C506F73 
 1683              	.LASF116:
 1684 0209 63795F65 		.ascii	"cy_en_sar_range_detect_condition_t\000"
ARM GAS  C:\Users\amala\AppData\Local\Temp\ccTY3lcE.s 			page 35


 1684      6E5F7361 
 1684      725F7261 
 1684      6E67655F 
 1684      64657465 
 1685              	.LASF181:
 1686 022c 636C6B44 		.ascii	"clkDivider\000"
 1686      69766964 
 1686      657200
 1687              	.LASF37:
 1688 0237 69706356 		.ascii	"ipcVersion\000"
 1688      65727369 
 1688      6F6E00
 1689              	.LASF99:
 1690 0242 63707573 		.ascii	"cpussCm0NmiCtlOffset\000"
 1690      73436D30 
 1690      4E6D6943 
 1690      746C4F66 
 1690      66736574 
 1691              	.LASF47:
 1692 0257 73727373 		.ascii	"srssNumClkpath\000"
 1692      4E756D43 
 1692      6C6B7061 
 1692      746800
 1693              	.LASF26:
 1694 0266 6873696F 		.ascii	"hsiomBase\000"
 1694      6D426173 
 1694      6500
 1695              	.LASF112:
 1696 0270 43595F53 		.ascii	"CY_SAR_RANGE_COND_BELOW\000"
 1696      41525F52 
 1696      414E4745 
 1696      5F434F4E 
 1696      445F4245 
 1697              	.LASF140:
 1698 0288 73746174 		.ascii	"state\000"
 1698      6500
 1699              	.LASF136:
 1700 028e 63795F63 		.ascii	"cy_cb_scb_i2c_handle_events_t\000"
 1700      625F7363 
 1700      625F6932 
 1700      635F6861 
 1700      6E646C65 
 1701              	.LASF8:
 1702 02ac 6C6F6E67 		.ascii	"long int\000"
 1702      20696E74 
 1702      00
 1703              	.LASF143:
 1704 02b5 6D617374 		.ascii	"masterRdDir\000"
 1704      65725264 
 1704      44697200 
 1705              	.LASF134:
 1706 02c1 43595F53 		.ascii	"CY_SCB_I2C_NAK\000"
 1706      43425F49 
 1706      32435F4E 
 1706      414B00
 1707              	.LASF57:
 1708 02d0 63727970 		.ascii	"cryptoMemSize\000"
ARM GAS  C:\Users\amala\AppData\Local\Temp\ccTY3lcE.s 			page 36


 1708      746F4D65 
 1708      6D53697A 
 1708      6500
 1709              	.LASF23:
 1710 02de 70657269 		.ascii	"periBase\000"
 1710      42617365 
 1710      00
 1711              	.LASF55:
 1712 02e7 73797350 		.ascii	"sysPmSimoPresent\000"
 1712      6D53696D 
 1712      6F507265 
 1712      73656E74 
 1712      00
 1713              	.LASF114:
 1714 02f8 43595F53 		.ascii	"CY_SAR_RANGE_COND_ABOVE\000"
 1714      41525F52 
 1714      414E4745 
 1714      5F434F4E 
 1714      445F4142 
 1715              	.LASF16:
 1716 0310 75696E74 		.ascii	"uint16_t\000"
 1716      31365F74 
 1716      00
 1717              	.LASF110:
 1718 0319 646F7562 		.ascii	"double\000"
 1718      6C6500
 1719              	.LASF84:
 1720 0320 70657269 		.ascii	"periDiv16_5CtlOffset\000"
 1720      44697631 
 1720      365F3543 
 1720      746C4F66 
 1720      66736574 
 1721              	.LASF48:
 1722 0335 73727373 		.ascii	"srssNumPll\000"
 1722      4E756D50 
 1722      6C6C00
 1723              	.LASF182:
 1724 0340 4144435F 		.ascii	"ADC_CONFIG_STRUCT\000"
 1724      434F4E46 
 1724      49475F53 
 1724      54525543 
 1724      5400
 1725              	.LASF82:
 1726 0352 70657269 		.ascii	"periDiv8CtlOffset\000"
 1726      44697638 
 1726      43746C4F 
 1726      66667365 
 1726      7400
 1727              	.LASF6:
 1728 0364 73686F72 		.ascii	"short unsigned int\000"
 1728      7420756E 
 1728      7369676E 
 1728      65642069 
 1728      6E7400
 1729              	.LASF89:
 1730 0377 6770696F 		.ascii	"gpioPrtCfgOutOffset\000"
 1730      50727443 
ARM GAS  C:\Users\amala\AppData\Local\Temp\ccTY3lcE.s 			page 37


 1730      66674F75 
 1730      744F6666 
 1730      73657400 
 1731              	.LASF158:
 1732 038b 63624164 		.ascii	"cbAddr\000"
 1732      647200
 1733              	.LASF22:
 1734 0392 666C6173 		.ascii	"flashcBase\000"
 1734      68634261 
 1734      736500
 1735              	.LASF9:
 1736 039d 5F5F7569 		.ascii	"__uint32_t\000"
 1736      6E743332 
 1736      5F7400
 1737              	.LASF52:
 1738 03a8 70617373 		.ascii	"passSarChannels\000"
 1738      53617243 
 1738      68616E6E 
 1738      656C7300 
 1739              	.LASF179:
 1740 03b8 6877436F 		.ascii	"hwConfigStc\000"
 1740      6E666967 
 1740      53746300 
 1741              	.LASF4:
 1742 03c4 5F5F696E 		.ascii	"__int16_t\000"
 1742      7431365F 
 1742      7400
 1743              	.LASF171:
 1744 03ce 72784275 		.ascii	"rxBufIdx\000"
 1744      66496478 
 1744      00
 1745              	.LASF117:
 1746 03d7 6374726C 		.ascii	"ctrl\000"
 1746      00
 1747              	.LASF80:
 1748 03dc 70657269 		.ascii	"periDivCmdPaDivSelPos\000"
 1748      44697643 
 1748      6D645061 
 1748      44697653 
 1748      656C506F 
 1749              	.LASF95:
 1750 03f2 63707573 		.ascii	"cpussCm4PwrCtlOffset\000"
 1750      73436D34 
 1750      50777243 
 1750      746C4F66 
 1750      66736574 
 1751              	.LASF173:
 1752 0407 74784275 		.ascii	"txBufSize\000"
 1752      6653697A 
 1752      6500
 1753              	.LASF90:
 1754 0411 6770696F 		.ascii	"gpioPrtCfgSioOffset\000"
 1754      50727443 
 1754      66675369 
 1754      6F4F6666 
 1754      73657400 
 1755              	.LASF94:
ARM GAS  C:\Users\amala\AppData\Local\Temp\ccTY3lcE.s 			page 38


 1756 0425 63707573 		.ascii	"cpussCm0StatusOffset\000"
 1756      73436D30 
 1756      53746174 
 1756      75734F66 
 1756      66736574 
 1757              	.LASF13:
 1758 043a 756E7369 		.ascii	"unsigned int\000"
 1758      676E6564 
 1758      20696E74 
 1758      00
 1759              	.LASF152:
 1760 0447 736C6176 		.ascii	"slaveTxBufferIdx\000"
 1760      65547842 
 1760      75666665 
 1760      72496478 
 1760      00
 1761              	.LASF39:
 1762 0458 70726F74 		.ascii	"protVersion\000"
 1762      56657273 
 1762      696F6E00 
 1763              	.LASF149:
 1764 0464 736C6176 		.ascii	"slaveRdBufEmpty\000"
 1764      65526442 
 1764      7566456D 
 1764      70747900 
 1765              	.LASF75:
 1766 0474 70657269 		.ascii	"periTrCmdGrSelMsk\000"
 1766      5472436D 
 1766      64477253 
 1766      656C4D73 
 1766      6B00
 1767              	.LASF10:
 1768 0486 6C6F6E67 		.ascii	"long unsigned int\000"
 1768      20756E73 
 1768      69676E65 
 1768      6420696E 
 1768      7400
 1769              	.LASF160:
 1770 0498 63795F63 		.ascii	"cy_cb_scb_uart_handle_events_t\000"
 1770      625F7363 
 1770      625F7561 
 1770      72745F68 
 1770      616E646C 
 1771              	.LASF186:
 1772 04b7 55415254 		.ascii	"UART_context\000"
 1772      5F636F6E 
 1772      74657874 
 1772      00
 1773              	.LASF40:
 1774 04c4 63707573 		.ascii	"cpussIpcNr\000"
 1774      73497063 
 1774      4E7200
 1775              	.LASF42:
 1776 04cf 63707573 		.ascii	"cpussDwChNr\000"
 1776      73447743 
 1776      684E7200 
 1777              	.LASF65:
ARM GAS  C:\Users\amala\AppData\Local\Temp\ccTY3lcE.s 			page 39


 1778 04db 666C6173 		.ascii	"flashCtlMainWs2Freq\000"
 1778      6843746C 
 1778      4D61696E 
 1778      57733246 
 1778      72657100 
 1779              	.LASF139:
 1780 04ef 75736554 		.ascii	"useTxFifo\000"
 1780      78466966 
 1780      6F00
 1781              	.LASF119:
 1782 04f9 73616D70 		.ascii	"sampleTime01\000"
 1782      6C655469 
 1782      6D653031 
 1782      00
 1783              	.LASF76:
 1784 0506 70657269 		.ascii	"periTrGrOffset\000"
 1784      54724772 
 1784      4F666673 
 1784      657400
 1785              	.LASF103:
 1786 0515 63707573 		.ascii	"cpussRam1Ctl0\000"
 1786      7352616D 
 1786      3143746C 
 1786      3000
 1787              	.LASF121:
 1788 0523 72616E67 		.ascii	"rangeThres\000"
 1788      65546872 
 1788      657300
 1789              	.LASF157:
 1790 052e 63624576 		.ascii	"cbEvents\000"
 1790      656E7473 
 1790      00
 1791              	.LASF87:
 1792 0537 6770696F 		.ascii	"gpioPrtCfgOffset\000"
 1792      50727443 
 1792      66674F66 
 1792      66736574 
 1792      00
 1793              	.LASF35:
 1794 0548 6770696F 		.ascii	"gpioVersion\000"
 1794      56657273 
 1794      696F6E00 
 1795              	.LASF178:
 1796 0554 6E756D43 		.ascii	"numChannels\000"
 1796      68616E6E 
 1796      656C7300 
 1797              	.LASF107:
 1798 0560 63795F73 		.ascii	"cy_stc_device_t\000"
 1798      74635F64 
 1798      65766963 
 1798      655F7400 
 1799              	.LASF124:
 1800 0570 6368616E 		.ascii	"chanConfig\000"
 1800      436F6E66 
 1800      696700
 1801              	.LASF25:
 1802 057b 70726F74 		.ascii	"protBase\000"
ARM GAS  C:\Users\amala\AppData\Local\Temp\ccTY3lcE.s 			page 40


 1802      42617365 
 1802      00
 1803              	.LASF96:
 1804 0584 63707573 		.ascii	"cpussTrimRamCtlOffset\000"
 1804      73547269 
 1804      6D52616D 
 1804      43746C4F 
 1804      66667365 
 1805              	.LASF154:
 1806 059a 736C6176 		.ascii	"slaveRxBuffer\000"
 1806      65527842 
 1806      75666665 
 1806      7200
 1807              	.LASF91:
 1808 05a8 63707573 		.ascii	"cpussCm0ClockCtlOffset\000"
 1808      73436D30 
 1808      436C6F63 
 1808      6B43746C 
 1808      4F666673 
 1809              	.LASF30:
 1810 05bf 63727970 		.ascii	"cryptoBase\000"
 1810      746F4261 
 1810      736500
 1811              	.LASF135:
 1812 05ca 63795F65 		.ascii	"cy_en_scb_i2c_command_t\000"
 1812      6E5F7363 
 1812      625F6932 
 1812      635F636F 
 1812      6D6D616E 
 1813              	.LASF102:
 1814 05e2 63707573 		.ascii	"cpussRam0Ctl0\000"
 1814      7352616D 
 1814      3043746C 
 1814      3000
 1815              	.LASF19:
 1816 05f0 73697A65 		.ascii	"sizetype\000"
 1816      74797065 
 1816      00
 1817              	.LASF68:
 1818 05f9 64774368 		.ascii	"dwChOffset\000"
 1818      4F666673 
 1818      657400
 1819              	.LASF146:
 1820 0604 6D617374 		.ascii	"masterBufferIdx\000"
 1820      65724275 
 1820      66666572 
 1820      49647800 
 1821              	.LASF120:
 1822 0614 73616D70 		.ascii	"sampleTime23\000"
 1822      6C655469 
 1822      6D653233 
 1822      00
 1823              	.LASF81:
 1824 0621 70657269 		.ascii	"periDivCmdPaTypeSelPos\000"
 1824      44697643 
 1824      6D645061 
 1824      54797065 
ARM GAS  C:\Users\amala\AppData\Local\Temp\ccTY3lcE.s 			page 41


 1824      53656C50 
 1825              	.LASF53:
 1826 0638 65704D6F 		.ascii	"epMonitorNr\000"
 1826      6E69746F 
 1826      724E7200 
 1827              	.LASF130:
 1828 0644 636F6E66 		.ascii	"configRouting\000"
 1828      6967526F 
 1828      7574696E 
 1828      6700
 1829              	.LASF133:
 1830 0652 43595F53 		.ascii	"CY_SCB_I2C_ACK\000"
 1830      43425F49 
 1830      32435F41 
 1830      434B00
 1831              	.LASF72:
 1832 0661 64775374 		.ascii	"dwStatusChIdxPos\000"
 1832      61747573 
 1832      43684964 
 1832      78506F73 
 1832      00
 1833              	.LASF54:
 1834 0672 75646250 		.ascii	"udbPresent\000"
 1834      72657365 
 1834      6E7400
 1835              	.LASF164:
 1836 067d 72785374 		.ascii	"rxStatus\000"
 1836      61747573 
 1836      00
 1837              	.LASF34:
 1838 0686 666C6173 		.ascii	"flashcVersion\000"
 1838      68635665 
 1838      7273696F 
 1838      6E00
 1839              	.LASF51:
 1840 0694 736D6966 		.ascii	"smifDeviceNr\000"
 1840      44657669 
 1840      63654E72 
 1840      00
 1841              	.LASF192:
 1842 06a1 5F5F656E 		.ascii	"__enable_irq\000"
 1842      61626C65 
 1842      5F697271 
 1842      00
 1843              	.LASF127:
 1844 06ae 72616E67 		.ascii	"rangeIntrMask\000"
 1844      65496E74 
 1844      724D6173 
 1844      6B00
 1845              	.LASF189:
 1846 06bc 474E5520 		.ascii	"GNU C11 5.4.1 20160609 (release) [ARM/embedded-5-br"
 1846      43313120 
 1846      352E342E 
 1846      31203230 
 1846      31363036 
 1847 06ef 616E6368 		.ascii	"anch revision 237715] -mcpu=cortex-m4 -mfloat-abi=s"
 1847      20726576 
ARM GAS  C:\Users\amala\AppData\Local\Temp\ccTY3lcE.s 			page 42


 1847      6973696F 
 1847      6E203233 
 1847      37373135 
 1848 0722 6F667466 		.ascii	"oftfp -mfpu=fpv4-sp-d16 -mthumb -g -Og -ffunction-s"
 1848      70202D6D 
 1848      6670753D 
 1848      66707634 
 1848      2D73702D 
 1849 0755 65637469 		.ascii	"ections -ffat-lto-objects\000"
 1849      6F6E7320 
 1849      2D666661 
 1849      742D6C74 
 1849      6F2D6F62 
 1850              	.LASF38:
 1851 076f 70657269 		.ascii	"periVersion\000"
 1851      56657273 
 1851      696F6E00 
 1852              	.LASF109:
 1853 077b 666C6F61 		.ascii	"float\000"
 1853      7400
 1854              	.LASF185:
 1855 0781 53656E73 		.ascii	"SensorBus_context\000"
 1855      6F724275 
 1855      735F636F 
 1855      6E746578 
 1855      7400
 1856              	.LASF73:
 1857 0793 64775374 		.ascii	"dwStatusChIdxMsk\000"
 1857      61747573 
 1857      43684964 
 1857      784D736B 
 1857      00
 1858              	.LASF184:
 1859 07a4 63795F64 		.ascii	"cy_device\000"
 1859      65766963 
 1859      6500
 1860              	.LASF101:
 1861 07ae 63707573 		.ascii	"cpussRomCtl\000"
 1861      73526F6D 
 1861      43746C00 
 1862              	.LASF71:
 1863 07ba 64774368 		.ascii	"dwChCtlPreemptablePos\000"
 1863      43746C50 
 1863      7265656D 
 1863      70746162 
 1863      6C65506F 
 1864              	.LASF174:
 1865 07d0 74784C65 		.ascii	"txLeftToTransmit\000"
 1865      6674546F 
 1865      5472616E 
 1865      736D6974 
 1865      00
 1866              	.LASF123:
 1867 07e1 6368616E 		.ascii	"chanEn\000"
 1867      456E00
 1868              	.LASF24:
 1869 07e8 75646242 		.ascii	"udbBase\000"
ARM GAS  C:\Users\amala\AppData\Local\Temp\ccTY3lcE.s 			page 43


 1869      61736500 
 1870              	.LASF113:
 1871 07f0 43595F53 		.ascii	"CY_SAR_RANGE_COND_INSIDE\000"
 1871      41525F52 
 1871      414E4745 
 1871      5F434F4E 
 1871      445F494E 
 1872              	.LASF111:
 1873 0809 5F426F6F 		.ascii	"_Bool\000"
 1873      6C00
 1874              	.LASF17:
 1875 080f 696E7433 		.ascii	"int32_t\000"
 1875      325F7400 
 1876              	.LASF2:
 1877 0817 756E7369 		.ascii	"unsigned char\000"
 1877      676E6564 
 1877      20636861 
 1877      7200
 1878              	.LASF67:
 1879 0825 666C6173 		.ascii	"flashCtlMainWs4Freq\000"
 1879      6843746C 
 1879      4D61696E 
 1879      57733446 
 1879      72657100 
 1880              	.LASF183:
 1881 0839 49544D5F 		.ascii	"ITM_RxBuffer\000"
 1881      52784275 
 1881      66666572 
 1881      00
 1882              	.LASF106:
 1883 0846 6970634C 		.ascii	"ipcLockStatusOffset\000"
 1883      6F636B53 
 1883      74617475 
 1883      734F6666 
 1883      73657400 
 1884              	.LASF85:
 1885 085a 70657269 		.ascii	"periDiv24_5CtlOffset\000"
 1885      44697632 
 1885      345F3543 
 1885      746C4F66 
 1885      66736574 
 1886              	.LASF0:
 1887 086f 73686F72 		.ascii	"short int\000"
 1887      7420696E 
 1887      7400
 1888              	.LASF128:
 1889 0879 6D757853 		.ascii	"muxSwitch\000"
 1889      77697463 
 1889      6800
 1890              	.LASF125:
 1891 0883 696E7472 		.ascii	"intrMask\000"
 1891      4D61736B 
 1891      00
 1892              	.LASF97:
 1893 088c 63707573 		.ascii	"cpussTrimRomCtlOffset\000"
 1893      73547269 
 1893      6D526F6D 
ARM GAS  C:\Users\amala\AppData\Local\Temp\ccTY3lcE.s 			page 44


 1893      43746C4F 
 1893      66667365 
 1894              	.LASF145:
 1895 08a2 6D617374 		.ascii	"masterBufferSize\000"
 1895      65724275 
 1895      66666572 
 1895      53697A65 
 1895      00
 1896              	.LASF78:
 1897 08b3 70657269 		.ascii	"periDivCmdDivSelMsk\000"
 1897      44697643 
 1897      6D644469 
 1897      7653656C 
 1897      4D736B00 
 1898              	.LASF142:
 1899 08c7 6D617374 		.ascii	"masterPause\000"
 1899      65725061 
 1899      75736500 
 1900              	.LASF137:
 1901 08d3 63795F63 		.ascii	"cy_cb_scb_i2c_handle_addr_t\000"
 1901      625F7363 
 1901      625F6932 
 1901      635F6861 
 1901      6E646C65 
 1902              	.LASF147:
 1903 08ef 6D617374 		.ascii	"masterNumBytes\000"
 1903      65724E75 
 1903      6D427974 
 1903      657300
 1904              	.LASF153:
 1905 08fe 736C6176 		.ascii	"slaveTxBufferCnt\000"
 1905      65547842 
 1905      75666665 
 1905      72436E74 
 1905      00
 1906              	.LASF62:
 1907 090f 666C6173 		.ascii	"flashEraseDelay\000"
 1907      68457261 
 1907      73654465 
 1907      6C617900 
 1908              	.LASF45:
 1909 091f 63707573 		.ascii	"cpussFmIrq\000"
 1909      73466D49 
 1909      727100
 1910              	.LASF77:
 1911 092a 70657269 		.ascii	"periTrGrSize\000"
 1911      54724772 
 1911      53697A65 
 1911      00
 1912              	.LASF159:
 1913 0937 63795F73 		.ascii	"cy_stc_scb_i2c_context_t\000"
 1913      74635F73 
 1913      63625F69 
 1913      32635F63 
 1913      6F6E7465 
 1914              	.LASF131:
 1915 0950 76726566 		.ascii	"vrefMvValue\000"
ARM GAS  C:\Users\amala\AppData\Local\Temp\ccTY3lcE.s 			page 45


 1915      4D765661 
 1915      6C756500 
 1916              	.LASF20:
 1917 095c 6C6F6E67 		.ascii	"long double\000"
 1917      20646F75 
 1917      626C6500 
 1918              	.LASF108:
 1919 0968 63686172 		.ascii	"char\000"
 1919      00
 1920              	.LASF64:
 1921 096d 666C6173 		.ascii	"flashCtlMainWs1Freq\000"
 1921      6843746C 
 1921      4D61696E 
 1921      57733146 
 1921      72657100 
 1922              	.LASF188:
 1923 0981 4144435F 		.ascii	"ADC_allConfigs\000"
 1923      616C6C43 
 1923      6F6E6669 
 1923      677300
 1924              	.LASF5:
 1925 0990 5F5F7569 		.ascii	"__uint16_t\000"
 1925      6E743136 
 1925      5F7400
 1926              	.LASF83:
 1927 099b 70657269 		.ascii	"periDiv16CtlOffset\000"
 1927      44697631 
 1927      3643746C 
 1927      4F666673 
 1927      657400
 1928              	.LASF7:
 1929 09ae 5F5F696E 		.ascii	"__int32_t\000"
 1929      7433325F 
 1929      7400
 1930              	.LASF36:
 1931 09b8 6873696F 		.ascii	"hsiomVersion\000"
 1931      6D566572 
 1931      73696F6E 
 1931      00
 1932              	.LASF61:
 1933 09c5 666C6173 		.ascii	"flashProgramDelay\000"
 1933      6850726F 
 1933      6772616D 
 1933      44656C61 
 1933      7900
 1934              	.LASF167:
 1935 09d7 72785269 		.ascii	"rxRingBufHead\000"
 1935      6E674275 
 1935      66486561 
 1935      6400
 1936              	.LASF166:
 1937 09e5 72785269 		.ascii	"rxRingBufSize\000"
 1937      6E674275 
 1937      6653697A 
 1937      6500
 1938              	.LASF191:
 1939 09f3 433A5C55 		.ascii	"C:\\Users\\amala\\OneDrive\\Desktop\\Desktop Folder"
ARM GAS  C:\Users\amala\AppData\Local\Temp\ccTY3lcE.s 			page 46


 1939      73657273 
 1939      5C616D61 
 1939      6C615C4F 
 1939      6E654472 
 1940 0a21 735C576F 		.ascii	"s\\Workspace01\\Accel.cydsn\000"
 1940      726B7370 
 1940      61636530 
 1940      315C4163 
 1940      63656C2E 
 1941              	.LASF180:
 1942 0a3b 6D697363 		.ascii	"miscConfig\000"
 1942      436F6E66 
 1942      696700
 1943              	.LASF69:
 1944 0a46 64774368 		.ascii	"dwChSize\000"
 1944      53697A65 
 1944      00
 1945              	.LASF105:
 1946 0a4f 69706353 		.ascii	"ipcStructSize\000"
 1946      74727563 
 1946      7453697A 
 1946      6500
 1947              	.LASF138:
 1948 0a5d 75736552 		.ascii	"useRxFifo\000"
 1948      78466966 
 1948      6F00
 1949              	.LASF44:
 1950 0a67 63707573 		.ascii	"cpussIpc0Irq\000"
 1950      73497063 
 1950      30497271 
 1950      00
 1951              	.LASF27:
 1952 0a74 6770696F 		.ascii	"gpioBase\000"
 1952      42617365 
 1952      00
 1953              	.LASF175:
 1954 0a7d 696E6974 		.ascii	"initKey\000"
 1954      4B657900 
 1955              	.LASF169:
 1956 0a85 72784275 		.ascii	"rxBuf\000"
 1956      6600
 1957              	.LASF150:
 1958 0a8b 736C6176 		.ascii	"slaveTxBuffer\000"
 1958      65547842 
 1958      75666665 
 1958      7200
 1959              	.LASF151:
 1960 0a99 736C6176 		.ascii	"slaveTxBufferSize\000"
 1960      65547842 
 1960      75666665 
 1960      7253697A 
 1960      6500
 1961              	.LASF176:
 1962 0aab 63795F73 		.ascii	"cy_stc_scb_uart_context_t\000"
 1962      74635F73 
 1962      63625F75 
 1962      6172745F 
ARM GAS  C:\Users\amala\AppData\Local\Temp\ccTY3lcE.s 			page 47


 1962      636F6E74 
 1963              	.LASF49:
 1964 0ac5 73727373 		.ascii	"srssNumHfroot\000"
 1964      4E756D48 
 1964      66726F6F 
 1964      7400
 1965              	.LASF122:
 1966 0ad3 72616E67 		.ascii	"rangeCond\000"
 1966      65436F6E 
 1966      6400
 1967              	.LASF46:
 1968 0add 63707573 		.ascii	"cpussNotConnectedIrq\000"
 1968      734E6F74 
 1968      436F6E6E 
 1968      65637465 
 1968      64497271 
 1969              	.LASF100:
 1970 0af2 63707573 		.ascii	"cpussCm4NmiCtlOffset\000"
 1970      73436D34 
 1970      4E6D6943 
 1970      746C4F66 
 1970      66736574 
 1971              	.LASF60:
 1972 0b07 666C6173 		.ascii	"flashWriteDelay\000"
 1972      68577269 
 1972      74654465 
 1972      6C617900 
 1973              	.LASF118:
 1974 0b17 73616D70 		.ascii	"sampleCtrl\000"
 1974      6C654374 
 1974      726C00
 1975              	.LASF14:
 1976 0b22 75696E74 		.ascii	"uint8_t\000"
 1976      385F7400 
 1977              	.LASF93:
 1978 0b2a 63707573 		.ascii	"cpussCm4StatusOffset\000"
 1978      73436D34 
 1978      53746174 
 1978      75734F66 
 1978      66736574 
 1979              	.LASF86:
 1980 0b3f 6770696F 		.ascii	"gpioPrtIntrCfgOffset\000"
 1980      50727449 
 1980      6E747243 
 1980      66674F66 
 1980      66736574 
 1981              	.LASF115:
 1982 0b54 43595F53 		.ascii	"CY_SAR_RANGE_COND_OUTSIDE\000"
 1982      41525F52 
 1982      414E4745 
 1982      5F434F4E 
 1982      445F4F55 
 1983              	.LASF168:
 1984 0b6e 72785269 		.ascii	"rxRingBufTail\000"
 1984      6E674275 
 1984      66546169 
 1984      6C00
ARM GAS  C:\Users\amala\AppData\Local\Temp\ccTY3lcE.s 			page 48


 1985              	.LASF177:
 1986 0b7c 6368616E 		.ascii	"channelBase\000"
 1986      6E656C42 
 1986      61736500 
 1987              	.LASF163:
 1988 0b88 74785374 		.ascii	"txStatus\000"
 1988      61747573 
 1988      00
 1989              	.LASF129:
 1990 0b91 6D757853 		.ascii	"muxSwitchSqCtrl\000"
 1990      77697463 
 1990      68537143 
 1990      74726C00 
 1991              	.LASF33:
 1992 0ba1 64775665 		.ascii	"dwVersion\000"
 1992      7273696F 
 1992      6E00
 1993              	.LASF29:
 1994 0bab 69706342 		.ascii	"ipcBase\000"
 1994      61736500 
 1995              	.LASF193:
 1996 0bb3 6D61696E 		.ascii	"main\000"
 1996      00
 1997              	.LASF162:
 1998 0bb8 63795F73 		.ascii	"cy_stc_scb_uart_context\000"
 1998      74635F73 
 1998      63625F75 
 1998      6172745F 
 1998      636F6E74 
 1999              	.LASF190:
 2000 0bd0 6D61696E 		.ascii	"main_cm4.c\000"
 2000      5F636D34 
 2000      2E6300
 2001              	.LASF31:
 2002 0bdb 63707573 		.ascii	"cpussVersion\000"
 2002      73566572 
 2002      73696F6E 
 2002      00
 2003              	.LASF18:
 2004 0be8 75696E74 		.ascii	"uint32_t\000"
 2004      33325F74 
 2004      00
 2005              	.LASF58:
 2006 0bf1 666C6173 		.ascii	"flashRwwRequired\000"
 2006      68527777 
 2006      52657175 
 2006      69726564 
 2006      00
 2007              		.ident	"GCC: (GNU Tools for ARM Embedded Processors) 5.4.1 20160609 (release) [ARM/embedded-5-bran
