--------------- Build Started: 05/08/2026 15:09:21 Project: Accel, Configuration: ARM GCC 5.4-2016-q2-update Debug ---------------
The code generation step is up to date.
arm-none-eabi-gcc.exe -mcpu=cortex-m0plus -mthumb -I. -IGenerated_Source\PSoC6 -IGenerated_Source\PSoC6\pdl\cmsis/include/ -IGenerated_Source\PSoC6\pdl\devices/psoc6/include/ -IGenerated_Source\PSoC6\pdl\devices/psoc6/include/ip/ -IGenerated_Source\PSoC6\pdl\drivers/peripheral/ -IGenerated_Source\PSoC6\pdl\drivers/peripheral/device/ -IGenerated_Source\PSoC6\pdl\drivers/peripheral/efuse/ -IGenerated_Source\PSoC6\pdl\drivers/peripheral/flash/ -IGenerated_Source\PSoC6\pdl\drivers/peripheral/gpio/ -IGenerated_Source\PSoC6\pdl\drivers/peripheral/ipc/ -IGenerated_Source\PSoC6\pdl\drivers/peripheral/lvd/ -IGenerated_Source\PSoC6\pdl\drivers/peripheral/profile/ -IGenerated_Source\PSoC6\pdl\drivers/peripheral/prot/ -IGenerated_Source\PSoC6\pdl\drivers/peripheral/sar/ -IGenerated_Source\PSoC6\pdl\drivers/peripheral/scb/ -IGenerated_Source\PSoC6\pdl\drivers/peripheral/sysanalog/ -IGenerated_Source\PSoC6\pdl\drivers/peripheral/sysclk/ -IGenerated_Source\PSoC6\pdl\drivers/peripheral/sysint/ -IGenerated_Source\PSoC6\pdl\drivers/peripheral/syslib/ -IGenerated_Source\PSoC6\pdl\drivers/peripheral/syspm/ -IGenerated_Source\PSoC6\pdl\drivers/peripheral/systick/ -IGenerated_Source\PSoC6\pdl\drivers/peripheral/trigmux/ -IGenerated_Source\PSoC6\pdl\drivers/peripheral/wdt/ -IGenerated_Source\PSoC6\pdl\middleware/ -IGenerated_Source\PSoC6\pdl\utilities/ -Wa,-alh=.\CortexM0p\ARM_GCC_541\Debug/main_cm0p.lst -g -D DEBUG -D CY_CORE_ID=0 -D CY_PSOC_CREATOR_USED=1 -D CYBLE_416045_02 -Wall -ffunction-sections -ffat-lto-objects -Og -c main_cm0p.c -o .\CortexM0p\ARM_GCC_541\Debug\main_cm0p.o
main_cm0p.c:18:24: warning: 'bmi270_dev' defined but not used [-Wunused-variable]
 static struct bmi2_dev bmi270_dev;
                        ^
main_cm0p.c:20:16: warning: 'bmi270_i2c_addr' defined but not used [-Wunused-variable]
 static uint8_t bmi270_i2c_addr = 0x68;
                ^
main_cm0p.c:53:14: warning: 'ReadRegister' defined but not used [-Wunused-function]
 static uint8 ReadRegister(uint8 reg_addr)
              ^
main_cm0p.c:74:13: warning: 'BMI270_PrepareConfigLoad' defined but not used [-Wunused-function]
 static void BMI270_PrepareConfigLoad(void)
             ^
main_cm0p.c:107:13: warning: 'BMI270_UploadConfig' defined but not used [-Wunused-function]
 static void BMI270_UploadConfig(const uint8 *config_file, uint16 config_size)
             ^
main_cm0p.c:126:30: warning: 'bmi2_psoc_read' defined but not used [-Wunused-function]
 static BMI2_INTF_RETURN_TYPE bmi2_psoc_read(uint8_t reg_addr, uint8_t *reg_data, uint32_t len, void *intf_ptr)
                              ^
main_cm0p.c:147:30: warning: 'bmi2_psoc_write' defined but not used [-Wunused-function]
 static BMI2_INTF_RETURN_TYPE bmi2_psoc_write(uint8_t reg_addr, const uint8_t *reg_data, uint32_t len, void *intf_ptr)
                              ^
main_cm0p.c:173:13: warning: 'bmi2_psoc_delay_us' defined but not used [-Wunused-function]
 static void bmi2_psoc_delay_us(uint32_t period, void *intf_ptr)
             ^
arm-none-eabi-gcc.exe -Wl,--start-group -o "C:\Users\amala\OneDrive\Desktop\Desktop Folders\Workspace01\Accel.cydsn\CortexM0p\ARM_GCC_541\Debug\Accel_link.elf" Generated_Source\PSoC6\pdl\middleware\ble\lib\cy_ble_stack_gcc_host_soft_cm0p.a Generated_Source\PSoC6\pdl\middleware\ble\lib\cy_ble_stack_gcc_controller_soft_cm0p.a Generated_Source\PSoC6\pdl\middleware\ble\lib\cy_ble_stack_gcc_manager_soft_cm0p.a .\CortexM0p\ARM_GCC_541\Debug\startup_psoc6_01_cm0plus.o .\CortexM0p\ARM_GCC_541\Debug\main_cm0p.o .\CortexM0p\ARM_GCC_541\Debug\system_psoc6_cm0plus.o .\CortexM0p\ARM_GCC_541\Debug\bmi2.o .\CortexM0p\ARM_GCC_541\Debug\bmi270.o .\CortexM0p\ARM_GCC_541\Debug\stdio_user.o .\CortexM0p\ARM_GCC_541\Debug\cyfitter_sysint_cfg.o .\CortexM0p\ARM_GCC_541\Debug\cyfitter_cfg.o .\CortexM0p\ARM_GCC_541\Debug\cymetadata.o .\CortexM0p\ARM_GCC_541\Debug\cy_efuse.o .\CortexM0p\ARM_GCC_541\Debug\cy_flash.o .\CortexM0p\ARM_GCC_541\Debug\cy_gpio.o .\CortexM0p\ARM_GCC_541\Debug\cy_ipc_drv.o .\CortexM0p\ARM_GCC_541\Debug\cy_ipc_sema.o .\CortexM0p\ARM_GCC_541\Debug\cy_ipc_pipe.o .\CortexM0p\ARM_GCC_541\Debug\cy_lvd.o .\CortexM0p\ARM_GCC_541\Debug\cy_profile.o .\CortexM0p\ARM_GCC_541\Debug\cy_prot.o .\CortexM0p\ARM_GCC_541\Debug\cy_scb_common.o .\CortexM0p\ARM_GCC_541\Debug\cy_scb_i2c.o .\CortexM0p\ARM_GCC_541\Debug\cy_scb_ezi2c.o .\CortexM0p\ARM_GCC_541\Debug\cy_scb_spi.o .\CortexM0p\ARM_GCC_541\Debug\cy_scb_uart.o .\CortexM0p\ARM_GCC_541\Debug\cy_sysanalog.o .\CortexM0p\ARM_GCC_541\Debug\cy_sysclk.o .\CortexM0p\ARM_GCC_541\Debug\cy_sysint.o .\CortexM0p\ARM_GCC_541\Debug\cy_syslib.o .\CortexM0p\ARM_GCC_541\Debug\cy_syslib_gcc.o .\CortexM0p\ARM_GCC_541\Debug\cy_syspm.o .\CortexM0p\ARM_GCC_541\Debug\cy_systick.o .\CortexM0p\ARM_GCC_541\Debug\cy_trigmux.o .\CortexM0p\ARM_GCC_541\Debug\cy_wdt.o .\CortexM0p\ARM_GCC_541\Debug\cy_device.o .\CortexM0p\ARM_GCC_541\Debug\cy_sar.o .\CortexM0p\ARM_GCC_541\Debug\cy_ble_clk.o .\CortexM0p\ARM_GCC_541\Debug\cy_ble.o .\CortexM0p\ARM_GCC_541\Debug\cy_ble_hal_int.o .\CortexM0p\ARM_GCC_541\Debug\cy_ble_hal_pvt.o .\CortexM0p\ARM_GCC_541\Debug\cy_ble_gap.o .\CortexM0p\ARM_GCC_541\Debug\cy_ble_gatt.o .\CortexM0p\ARM_GCC_541\Debug\cy_ble_event_handler.o .\CortexM0p\ARM_GCC_541\Debug\cy_ble_ancs.o .\CortexM0p\ARM_GCC_541\Debug\cy_ble_ans.o .\CortexM0p\ARM_GCC_541\Debug\cy_ble_aios.o .\CortexM0p\ARM_GCC_541\Debug\cy_ble_bas.o .\CortexM0p\ARM_GCC_541\Debug\cy_ble_bcs.o .\CortexM0p\ARM_GCC_541\Debug\cy_ble_bls.o .\CortexM0p\ARM_GCC_541\Debug\cy_ble_bms.o .\CortexM0p\ARM_GCC_541\Debug\cy_ble_bts.o .\CortexM0p\ARM_GCC_541\Debug\cy_ble_cgms.o .\CortexM0p\ARM_GCC_541\Debug\cy_ble_cps.o .\CortexM0p\ARM_GCC_541\Debug\cy_ble_cscs.o .\CortexM0p\ARM_GCC_541\Debug\cy_ble_cts.o .\CortexM0p\ARM_GCC_541\Debug\cy_ble_custom.o .\CortexM0p\ARM_GCC_541\Debug\cy_ble_dis.o .\CortexM0p\ARM_GCC_541\Debug\cy_ble_ess.o .\CortexM0p\ARM_GCC_541\Debug\cy_ble_gls.o .\CortexM0p\ARM_GCC_541\Debug\cy_ble_hids.o .\CortexM0p\ARM_GCC_541\Debug\cy_ble_hps.o .\CortexM0p\ARM_GCC_541\Debug\cy_ble_hrs.o .\CortexM0p\ARM_GCC_541\Debug\cy_ble_hts.o .\CortexM0p\ARM_GCC_541\Debug\cy_ble_ias.o .\CortexM0p\ARM_GCC_541\Debug\cy_ble_ips.o .\CortexM0p\ARM_GCC_541\Debug\cy_ble_lls.o .\CortexM0p\ARM_GCC_541\Debug\cy_ble_lns.o .\CortexM0p\ARM_GCC_541\Debug\cy_ble_ndcs.o .\CortexM0p\ARM_GCC_541\Debug\cy_ble_plxs.o .\CortexM0p\ARM_GCC_541\Debug\cy_ble_pass.o .\CortexM0p\ARM_GCC_541\Debug\cy_ble_rscs.o .\CortexM0p\ARM_GCC_541\Debug\cy_ble_rtus.o .\CortexM0p\ARM_GCC_541\Debug\cy_ble_scps.o .\CortexM0p\ARM_GCC_541\Debug\cy_ble_tps.o .\CortexM0p\ARM_GCC_541\Debug\cy_ble_uds.o .\CortexM0p\ARM_GCC_541\Debug\cy_ble_wpts.o .\CortexM0p\ARM_GCC_541\Debug\cy_ble_wss.o .\CortexM0p\ARM_GCC_541\Debug\retarget.o .\CortexM0p\ARM_GCC_541\Debug\SensorBus.o .\CortexM0p\ARM_GCC_541\Debug\UART.o .\CortexM0p\ARM_GCC_541\Debug\BLE.o .\CortexM0p\ARM_GCC_541\Debug\BLE_config.o .\CortexM0p\ARM_GCC_541\Debug\BLE_custom_config.o .\CortexM0p\ARM_GCC_541\Debug\ADC.o .\CortexM0p\ARM_GCC_541\Debug\ADC_INT.o .\CortexM0p\ARM_GCC_541\Debug\ADC_INIT.o .\CortexM0p\ARM_GCC_541\Debug\ADC_PM.o -mcpu=cortex-m0plus -mthumb -L Generated_Source\PSoC6 -Wl,-Map,.\CortexM0p\ARM_GCC_541\Debug/Accel.map -T cy8c6xx7_cm0plus.ld -specs=nano.specs -Wl,--gc-sections -g -ffunction-sections -Og -ffat-lto-objects -Wl,--end-group
"C:\Program Files (x86)\Cypress\PDL\3.1.7\tools\win\elf\cymcuelftool.exe" --sign "C:\Users\amala\OneDrive\Desktop\Desktop Folders\Workspace01\Accel.cydsn\CortexM0p\ARM_GCC_541\Debug\Accel_link.elf" --output "C:\Users\amala\OneDrive\Desktop\Desktop Folders\Workspace01\Accel.cydsn\CortexM0p\ARM_GCC_541\Debug\Accel.elf" --hex "C:\Users\amala\OneDrive\Desktop\Desktop Folders\Workspace01\Accel.cydsn\CortexM0p\ARM_GCC_541\Debug\Accel.hex"
No ELF section .cychecksum found, creating one
Application checksum calculated and stored in ELF section .cychecksum
Checksum calculated and stored in ELF section .cymeta
The compile step is up to date, no work needs to be done.
The link step is up to date, no work needs to be done.
"C:\Program Files (x86)\Cypress\PDL\3.1.7\tools\win\elf\cymcuelftool.exe" --sign "C:\Users\amala\OneDrive\Desktop\Desktop Folders\Workspace01\Accel.cydsn\CortexM4\ARM_GCC_541\Debug\Accel_link.elf" --output "C:\Users\amala\OneDrive\Desktop\Desktop Folders\Workspace01\Accel.cydsn\CortexM4\ARM_GCC_541\Debug\Accel_signed.elf" --hex "C:\Users\amala\OneDrive\Desktop\Desktop Folders\Workspace01\Accel.cydsn\CortexM4\ARM_GCC_541\Debug\Accel_signed.hex"
No ELF section .cychecksum found, creating one
Application checksum calculated and stored in ELF section .cychecksum
Checksum calculated and stored in ELF section .cymeta
"C:\Program Files (x86)\Cypress\PDL\3.1.7\tools\win\elf\cymcuelftool.exe" --merge "C:\Users\amala\OneDrive\Desktop\Desktop Folders\Workspace01\Accel.cydsn\CortexM4\ARM_GCC_541\Debug\Accel_signed.elf" "C:\Users\amala\OneDrive\Desktop\Desktop Folders\Workspace01\Accel.cydsn\CortexM0p\ARM_GCC_541\Debug\Accel.elf" --output "C:\Users\amala\OneDrive\Desktop\Desktop Folders\Workspace01\Accel.cydsn\CortexM4\ARM_GCC_541\Debug\Accel.elf" --hex "C:\Users\amala\OneDrive\Desktop\Desktop Folders\Workspace01\Accel.cydsn\CortexM4\ARM_GCC_541\Debug\Accel.hex"
Application checksum calculated and stored in ELF section .cychecksum
Checksum calculated and stored in ELF section .cymeta
"C:\Program Files (x86)\Cypress\PDL\3.1.7\tools\win\elf\cymcuelftool.exe" -A "C:\Users\amala\OneDrive\Desktop\Desktop Folders\Workspace01\Accel.cydsn\CortexM4\ARM_GCC_541\Debug\Accel.elf"
code:206217	sram:2140
--------------- Build Succeeded: 05/08/2026 15:09:28 ---------------
